[I 260130 09:53:16 consumers:113] SmartAPI WebSocket Opened - Ready for subscriptions
[I 260130 09:57:25 consumers:451] Fetching historical candles with params: {'exchange': 'NSE', 'symboltoken': '3045', 'interval': 'FIFTEEN_MINUTE', 'fromdate': '2026-01-20 09:00', 'todate': '2026-01-28 15:30'}
[I 260130 09:57:25 consumers:458] Historical data fetched - 150 candles
[I 260130 09:57:25 consumers:681] Signal generated: BUY - +DI 25.24 > 20 (strong uptrend)
[I 260130 10:00:42 consumers:113] SmartAPI WebSocket Opened - Ready for subscriptions
[I 260130 10:00:47 consumers:451] Fetching historical candles with params: {'exchange': 'NSE', 'symboltoken': '26000', 'interval': 'FIFTEEN_MINUTE', 'fromdate': '2026-01-20 09:00', 'todate': '2026-01-28 15:30'}
[E 260130 10:00:48 smartConnect:246] Error occurred while making a POST request to https://apiconnect.angelone.in/rest/secure/angelbroking/historical/v1/getCandleData. Error: Something Went Wrong, Please Try After Sometime. URL: https://apiconnect.angelone.in/rest/secure/angelbroking/historical/v1/getCandleData, Headers: {'Content-type': 'application/json', 'X-ClientLocalIP': '127.0.0.1', 'X-ClientPublicIP': '106.193.147.98', 'X-MACAddress': '30:9c:23:7c:86:e1', 'Accept': 'application/json', 'X-PrivateKey': 'iARx2hbi', 'X-UserType': 'USER', 'X-SourceID': 'WEB'}, Request: {'exchange': 'NSE', 'symboltoken': '26000', 'interval': 'FIFTEEN_MINUTE', 'fromdate': '2026-01-20 09:00', 'todate': '2026-01-28 15:30'}, Response: {'message': 'Something Went Wrong, Please Try After Sometime', 'errorcode': 'AB1004', 'status': False, 'data': None}
[E 260130 10:00:48 consumers:526] Historical fetch exception: object of type 'NoneType' has no len()
[I 260130 10:01:38 consumers:113] SmartAPI WebSocket Opened - Ready for subscriptions
[I 260130 10:01:41 consumers:451] Fetching historical candles with params: {'exchange': 'NSE', 'symboltoken': '99926000', 'interval': 'FIFTEEN_MINUTE', 'fromdate': '2026-01-20 09:00', 'todate': '2026-01-28 15:30'}
[I 260130 10:01:42 consumers:458] Historical data fetched - 150 candles
[I 260130 10:01:42 consumers:681] Signal generated: BUY - +DI 25.34 > 20 (strong uptrend)
[I 260130 11:13:22 consumers:114] SmartAPI WebSocket Opened - Ready for subscriptions
[I 260130 11:13:34 consumers:456] Fetching historical candles: {'exchange': 'NSE', 'symboltoken': '3045', 'interval': 'FIFTEEN_MINUTE', 'fromdate': '2026-01-20 09:00', 'todate': '2026-01-28 15:30'}
[I 260130 11:13:35 consumers:558] Signal generated: BUY - +DI 25.24 > 20 (strong uptrend)
[I 260130 11:13:35 consumers:558] Signal generated: BUY - MACD line 2.7303 > 0 (bullish)
[I 260130 11:15:04 consumers:114] SmartAPI WebSocket Opened - Ready for subscriptions
[I 260130 11:15:25 consumers:456] Fetching historical candles: {'exchange': 'NSE', 'symboltoken': '3045', 'interval': 'FIFTEEN_MINUTE', 'fromdate': '2026-01-20 09:00', 'todate': '2026-01-28 15:30'}
[I 260130 11:15:26 consumers:558] Signal generated: BUY - +DI 25.24 > 20 (strong uptrend)
[I 260130 11:15:26 consumers:558] Signal generated: BUY - MACD line 2.7303 > 0 (bullish)
[I 260130 11:20:32 consumers:114] SmartAPI WebSocket Opened - Ready for subscriptions
[I 260130 11:20:36 consumers:456] Fetching historical candles: {'exchange': 'NSE', 'symboltoken': '3045', 'interval': 'FIFTEEN_MINUTE', 'fromdate': '2026-01-20 09:00', 'todate': '2026-01-28 15:30'}
[E 260130 11:20:36 smartConnect:246] Error occurred while making a POST request to https://apiconnect.angelone.in/rest/secure/angelbroking/historical/v1/getCandleData. Error: Something Went Wrong, Please Try After Sometime. URL: https://apiconnect.angelone.in/rest/secure/angelbroking/historical/v1/getCandleData, Headers: {'Content-type': 'application/json', 'X-ClientLocalIP': '127.0.0.1', 'X-ClientPublicIP': '106.193.147.98', 'X-MACAddress': '30:9c:23:7c:86:e1', 'Accept': 'application/json', 'X-PrivateKey': 'iARx2hbi', 'X-UserType': 'USER', 'X-SourceID': 'WEB'}, Request: {'exchange': 'NSE', 'symboltoken': '3045', 'interval': 'FIFTEEN_MINUTE', 'fromdate': '2026-01-20 09:00', 'todate': '2026-01-28 15:30'}, Response: {'message': 'Something Went Wrong, Please Try After Sometime', 'errorcode': 'AB1004', 'status': False, 'data': None}
[E 260130 11:20:36 consumers:543] Historical fetch failed: object of type 'NoneType' has no len()
[I 260130 11:21:45 consumers:114] SmartAPI WebSocket Opened - Ready for subscriptions
[I 260130 11:21:50 consumers:456] Fetching historical candles: {'exchange': 'NSE', 'symboltoken': '3045', 'interval': 'FIFTEEN_MINUTE', 'fromdate': '2026-01-20 09:00', 'todate': '2026-01-28 15:30'}
[E 260130 11:21:50 smartConnect:246] Error occurred while making a POST request to https://apiconnect.angelone.in/rest/secure/angelbroking/historical/v1/getCandleData. Error: Something Went Wrong, Please Try After Sometime. URL: https://apiconnect.angelone.in/rest/secure/angelbroking/historical/v1/getCandleData, Headers: {'Content-type': 'application/json', 'X-ClientLocalIP': '127.0.0.1', 'X-ClientPublicIP': '106.193.147.98', 'X-MACAddress': '30:9c:23:7c:86:e1', 'Accept': 'application/json', 'X-PrivateKey': 'iARx2hbi', 'X-UserType': 'USER', 'X-SourceID': 'WEB'}, Request: {'exchange': 'NSE', 'symboltoken': '3045', 'interval': 'FIFTEEN_MINUTE', 'fromdate': '2026-01-20 09:00', 'todate': '2026-01-28 15:30'}, Response: {'message': 'Something Went Wrong, Please Try After Sometime', 'errorcode': 'AB1004', 'status': False, 'data': None}
[E 260130 11:21:50 consumers:543] Historical fetch failed: object of type 'NoneType' has no len()
[I 260130 11:23:00 consumers:114] SmartAPI WebSocket Opened - Ready for subscriptions
[I 260130 11:23:08 consumers:456] Fetching historical candles: {'exchange': 'NSE', 'symboltoken': '3045', 'interval': 'FIFTEEN_MINUTE', 'fromdate': '2026-01-20 09:00', 'todate': '2026-01-28 15:30'}
[I 260130 11:23:08 consumers:558] Signal generated: BUY - +DI 25.24 > 20 (strong uptrend)
[I 260130 11:23:08 consumers:558] Signal generated: BUY - MACD line 2.7303 > 0 (bullish)
[I 260130 11:27:55 consumers:119] SmartAPI WebSocket Opened - Ready for subscriptions
[I 260130 11:27:58 consumers:461] Fetching historical candles: {'exchange': 'NSE', 'symboltoken': '3045', 'interval': 'FIFTEEN_MINUTE', 'fromdate': '2026-01-20 09:00', 'todate': '2026-01-28 15:30'}
[E 260130 11:27:59 smartConnect:246] Error occurred while making a POST request to https://apiconnect.angelone.in/rest/secure/angelbroking/historical/v1/getCandleData. Error: Something Went Wrong, Please Try After Sometime. URL: https://apiconnect.angelone.in/rest/secure/angelbroking/historical/v1/getCandleData, Headers: {'Content-type': 'application/json', 'X-ClientLocalIP': '127.0.0.1', 'X-ClientPublicIP': '106.193.147.98', 'X-MACAddress': '30:9c:23:7c:86:e1', 'Accept': 'application/json', 'X-PrivateKey': 'iARx2hbi', 'X-UserType': 'USER', 'X-SourceID': 'WEB'}, Request: {'exchange': 'NSE', 'symboltoken': '3045', 'interval': 'FIFTEEN_MINUTE', 'fromdate': '2026-01-20 09:00', 'todate': '2026-01-28 15:30'}, Response: {'message': 'Something Went Wrong, Please Try After Sometime', 'errorcode': 'AB1004', 'status': False, 'data': None}
[E 260130 11:27:59 consumers:548] Historical fetch failed: object of type 'NoneType' has no len()
[I 260130 11:28:52 consumers:114] SmartAPI WebSocket Opened - Ready for subscriptions
[I 260130 11:29:00 consumers:456] Fetching historical candles: {'exchange': 'NSE', 'symboltoken': '3045', 'interval': 'FIFTEEN_MINUTE', 'fromdate': '2026-01-20 09:00', 'todate': '2026-01-28 15:30'}
[I 260130 11:29:00 consumers:558] Signal generated: BUY - +DI 25.24 > 20 (strong uptrend)
[I 260130 11:29:00 consumers:558] Signal generated: BUY - MACD line 2.7303 > 0 (bullish)
[I 260130 11:30:44 consumers:113] SmartAPI WebSocket Opened - Ready for subscriptions
[I 260130 11:30:53 consumers:451] Fetching historical candles with params: {'exchange': 'NSE', 'symboltoken': '3045', 'interval': 'FIFTEEN_MINUTE', 'fromdate': '2026-01-20 09:00', 'todate': '2026-01-28 15:30'}
[E 260130 11:30:53 smartConnect:246] Error occurred while making a POST request to https://apiconnect.angelone.in/rest/secure/angelbroking/historical/v1/getCandleData. Error: Something Went Wrong, Please Try After Sometime. URL: https://apiconnect.angelone.in/rest/secure/angelbroking/historical/v1/getCandleData, Headers: {'Content-type': 'application/json', 'X-ClientLocalIP': '127.0.0.1', 'X-ClientPublicIP': '106.193.147.98', 'X-MACAddress': '30:9c:23:7c:86:e1', 'Accept': 'application/json', 'X-PrivateKey': 'iARx2hbi', 'X-UserType': 'USER', 'X-SourceID': 'WEB'}, Request: {'exchange': 'NSE', 'symboltoken': '3045', 'interval': 'FIFTEEN_MINUTE', 'fromdate': '2026-01-20 09:00', 'todate': '2026-01-28 15:30'}, Response: {'message': 'Something Went Wrong, Please Try After Sometime', 'errorcode': 'AB1004', 'status': False, 'data': None}
[E 260130 11:30:53 consumers:526] Historical fetch exception: object of type 'NoneType' has no len()
[I 260130 11:31:24 consumers:113] SmartAPI WebSocket Opened - Ready for subscriptions
[I 260130 11:31:30 consumers:451] Fetching historical candles with params: {'exchange': 'NSE', 'symboltoken': '3045', 'interval': 'FIFTEEN_MINUTE', 'fromdate': '2026-01-20 09:00', 'todate': '2026-01-28 15:30'}
[I 260130 11:31:31 consumers:458] Historical data fetched - 150 candles
[I 260130 11:31:31 consumers:681] Signal generated: BUY - +DI 25.24 > 20 (strong uptrend)
[I 260130 11:53:15 consumers:57] SmartAPI WebSocket Opened - Ready for subscriptions
[I 260130 11:53:22 consumers:387] Fetching historical candles with params: {'exchange': 'NSE', 'symboltoken': '3045', 'interval': 'FIFTEEN_MINUTE', 'fromdate': '2026-01-20 09:00', 'todate': '2026-01-28 15:30'}
[I 260130 11:53:23 consumers:394] Historical data fetched - 150 candles
[I 260130 11:53:23 consumers:470] Signal generated: BUY - +DI 25.24 > 20 (strong uptrend)
[I 260130 11:53:23 utils:34] Position opened: LONG 1 @ 1062.65
[I 260130 11:53:23 consumers:475] Simulated BUY entry for 3045
[I 260130 11:54:17 consumers:57] SmartAPI WebSocket Opened - Ready for subscriptions
[I 260130 11:54:24 consumers:387] Fetching historical candles with params: {'exchange': 'NSE', 'symboltoken': '3045', 'interval': 'FIFTEEN_MINUTE', 'fromdate': '2026-01-20 09:00', 'todate': '2026-01-28 15:30'}
[I 260130 11:54:25 consumers:394] Historical data fetched - 150 candles
[I 260130 11:54:25 consumers:470] Signal generated: BUY - +DI 25.24 > 20 (strong uptrend)
[I 260130 11:54:25 utils:34] Position opened: LONG 1 @ 1062.65
[I 260130 11:54:25 consumers:475] Simulated BUY entry for 3045
[I 260130 12:02:31 consumers:57] SmartAPI WebSocket Opened - Ready for subscriptions
[I 260130 12:02:36 consumers:387] Fetching historical candles with params: {'exchange': 'NSE', 'symboltoken': '99926000', 'interval': 'FIFTEEN_MINUTE', 'fromdate': '2026-01-20 09:00', 'todate': '2026-01-28 15:30'}
[I 260130 12:02:36 consumers:394] Historical data fetched - 150 candles
[I 260130 12:02:36 consumers:470] Signal generated: BUY - +DI 25.34 > 20 (strong uptrend)
[I 260130 12:02:36 utils:34] Position opened: LONG 1 @ 1062.65
[I 260130 12:02:36 consumers:475] Simulated BUY entry for 99926000
[I 260130 12:07:42 consumers:57] SmartAPI WebSocket Opened - Ready for subscriptions
[I 260130 12:12:14 consumers:113] SmartAPI WebSocket Opened - Ready for subscriptions
[E 260130 12:12:38 smartConnect:246] Error occurred while making a POST request to https://apiconnect.angelone.in/rest/secure/angelbroking/order/v1/placeOrder. Error: Your demat account is dormant. URL: https://apiconnect.angelone.in/rest/secure/angelbroking/order/v1/placeOrder, Headers: {'Content-type': 'application/json', 'X-ClientLocalIP': '127.0.0.1', 'X-ClientPublicIP': '106.193.147.98', 'X-MACAddress': '30:9c:23:7c:86:e1', 'Accept': 'application/json', 'X-PrivateKey': 'iARx2hbi', 'X-UserType': 'USER', 'X-SourceID': 'WEB'}, Request: {'variety': 'NORMAL', 'tradingsymbol': 'SBIN-EQ', 'symboltoken': '3045', 'transactiontype': 'BUY', 'exchange': 'NSE', 'ordertype': 'LIMIT', 'producttype': 'INTRADAY', 'duration': 'DAY', 'price': '100', 'quantity': '1', 'squareoff': '0', 'stoploss': '0'}, Response: {'status': False, 'message': 'Your demat account is dormant', 'errorcode': 'AB1007', 'data': {'script': 'SBIN-EQ', 'orderid': None, 'uniqueorderid': 'de8c8e3c-a88f-42e4-be15-db5890b27a14'}}
[E 260130 12:12:38 smartConnect:339] API request failed: {'status': False, 'message': 'Your demat account is dormant', 'errorcode': 'AB1007', 'data': {'script': 'SBIN-EQ', 'orderid': None, 'uniqueorderid': 'de8c8e3c-a88f-42e4-be15-db5890b27a14'}}
[I 260130 12:12:38 consumers:276] Raw broker response from placeOrder: None
[E 260130 12:12:38 consumers:284] placeOrder returned None - possible session invalid, network issue, or broker restriction
[W 260130 12:12:46 smartWebSocketV2:318] Attempting to resubscribe/reconnect (Attempt 1)...
[I 260130 12:12:46 smartConnect:124] in pool
[I 260130 12:12:53 consumers:113] SmartAPI WebSocket Opened - Ready for subscriptions
[I 260130 12:12:56 consumers:113] SmartAPI WebSocket Opened - Ready for subscriptions
[I 260130 12:12:57 consumers:451] Fetching historical candles with params: {'exchange': 'NSE', 'symboltoken': '3045', 'interval': 'FIFTEEN_MINUTE', 'fromdate': '2026-01-20 09:00', 'todate': '2026-01-28 15:30'}
[E 260130 12:12:57 smartConnect:246] Error occurred while making a POST request to https://apiconnect.angelone.in/rest/secure/angelbroking/historical/v1/getCandleData. Error: Something Went Wrong, Please Try After Sometime. URL: https://apiconnect.angelone.in/rest/secure/angelbroking/historical/v1/getCandleData, Headers: {'Content-type': 'application/json', 'X-ClientLocalIP': '127.0.0.1', 'X-ClientPublicIP': '106.193.147.98', 'X-MACAddress': '30:9c:23:7c:86:e1', 'Accept': 'application/json', 'X-PrivateKey': 'iARx2hbi', 'X-UserType': 'USER', 'X-SourceID': 'WEB'}, Request: {'exchange': 'NSE', 'symboltoken': '3045', 'interval': 'FIFTEEN_MINUTE', 'fromdate': '2026-01-20 09:00', 'todate': '2026-01-28 15:30'}, Response: {'message': 'Something Went Wrong, Please Try After Sometime', 'errorcode': 'AB1004', 'status': False, 'data': None}
[E 260130 12:12:57 consumers:526] Historical fetch exception: object of type 'NoneType' has no len()
[I 260130 12:13:28 consumers:113] SmartAPI WebSocket Opened - Ready for subscriptions
[I 260130 12:13:33 consumers:451] Fetching historical candles with params: {'exchange': 'NSE', 'symboltoken': '3045', 'interval': 'FIFTEEN_MINUTE', 'fromdate': '2026-01-20 09:00', 'todate': '2026-01-28 15:30'}
[I 260130 12:13:33 consumers:458] Historical data fetched - 150 candles
[I 260130 12:13:33 consumers:681] Signal generated: BUY - +DI 25.24 > 20 (strong uptrend)
[I 260130 12:38:09 connection:67] SmartAPI WebSocket Opened - Ready for subscriptions
[I 260130 12:38:20 consumers:337] Fetching historical candles with params: {'exchange': 'NSE', 'symboltoken': '3045', 'interval': 'FIFTEEN_MINUTE', 'fromdate': '2026-01-20 09:00', 'todate': '2026-01-28 15:30'}
[I 260130 12:38:20 consumers:344] Historical data fetched - 150 candles
[I 260130 12:38:20 consumers:567] Signal generated: BUY - +DI 25.24 > 20 (strong uptrend)
[I 260130 14:08:04 connection:67] SmartAPI WebSocket Opened - Ready for subscriptions
[I 260130 14:08:11 consumers:336] Fetching historical candles with params: {'exchange': 'NSE', 'symboltoken': '3045', 'interval': 'FIFTEEN_MINUTE', 'fromdate': '2026-01-20 09:00', 'todate': '2026-01-28 15:30'}
[I 260130 14:08:12 consumers:343] Historical data fetched - 150 candles
[I 260130 14:08:12 consumers:501] Signal generated: BUY - +DI 25.24 > 20 (strong uptrend)
[I 260130 14:13:39 connection:67] SmartAPI WebSocket Opened - Ready for subscriptions
[I 260130 14:13:54 consumers:336] Fetching historical candles with params: {'exchange': 'NSE', 'symboltoken': '3045', 'interval': 'FIFTEEN_MINUTE', 'fromdate': '2026-01-20 09:00', 'todate': '2026-01-28 15:30'}
[E 260130 14:13:55 smartConnect:246] Error occurred while making a POST request to https://apiconnect.angelone.in/rest/secure/angelbroking/historical/v1/getCandleData. Error: Something Went Wrong, Please Try After Sometime. URL: https://apiconnect.angelone.in/rest/secure/angelbroking/historical/v1/getCandleData, Headers: {'Content-type': 'application/json', 'X-ClientLocalIP': '127.0.0.1', 'X-ClientPublicIP': '106.193.147.98', 'X-MACAddress': '30:9c:23:7c:86:e1', 'Accept': 'application/json', 'X-PrivateKey': 'iARx2hbi', 'X-UserType': 'USER', 'X-SourceID': 'WEB'}, Request: {'exchange': 'NSE', 'symboltoken': '3045', 'interval': 'FIFTEEN_MINUTE', 'fromdate': '2026-01-20 09:00', 'todate': '2026-01-28 15:30'}, Response: {'message': 'Something Went Wrong, Please Try After Sometime', 'errorcode': 'AB1004', 'status': False, 'data': None}
[E 260130 14:13:55 consumers:411] Historical fetch exception: object of type 'NoneType' has no len()
[W 260130 14:13:58 smartWebSocketV2:318] Attempting to resubscribe/reconnect (Attempt 1)...
[I 260130 14:13:58 smartConnect:124] in pool
[I 260130 14:14:20 connection:67] SmartAPI WebSocket Opened - Ready for subscriptions
[I 260130 14:14:28 consumers:336] Fetching historical candles with params: {'exchange': 'NSE', 'symboltoken': '3045', 'interval': 'FIFTEEN_MINUTE', 'fromdate': '2026-01-20 09:00', 'todate': '2026-01-28 15:30'}
[I 260130 14:14:28 consumers:343] Historical data fetched - 150 candles
[I 260130 14:16:26 connection:67] SmartAPI WebSocket Opened - Ready for subscriptions
[I 260130 14:16:28 consumers:336] Fetching historical candles with params: {'exchange': 'NSE', 'symboltoken': '3045', 'interval': 'FIFTEEN_MINUTE', 'fromdate': '2026-01-20 09:00', 'todate': '2026-01-28 15:30'}
[I 260130 14:16:29 consumers:343] Historical data fetched - 150 candles
[I 260130 14:17:29 connection:67] SmartAPI WebSocket Opened - Ready for subscriptions
[I 260130 14:17:35 consumers:336] Fetching historical candles with params: {'exchange': 'NSE', 'symboltoken': '3045', 'interval': 'FIFTEEN_MINUTE', 'fromdate': '2026-01-20 09:00', 'todate': '2026-01-28 15:30'}
[I 260130 14:17:35 consumers:343] Historical data fetched - 150 candles
[I 260130 14:17:35 consumers:501] Signal generated: BUY - +DI 25.24 > 20 (strong uptrend)
[I 260130 14:34:02 connection:67] SmartAPI WebSocket Opened - Ready for subscriptions
[I 260130 14:34:06 consumers:336] Fetching historical candles with params: {'exchange': 'NSE', 'symboltoken': '3045', 'interval': 'FIFTEEN_MINUTE', 'fromdate': '2026-01-20 09:00', 'todate': '2026-01-28 15:30'}
[I 260130 14:34:07 consumers:343] Historical data fetched - 150 candles
[I 260130 14:36:08 connection:67] SmartAPI WebSocket Opened - Ready for subscriptions
[I 260130 14:36:16 consumers:336] Fetching historical candles with params: {'exchange': 'NSE', 'symboltoken': '3045', 'interval': 'FIFTEEN_MINUTE', 'fromdate': '2026-01-20 09:00', 'todate': '2026-01-28 15:30'}
[I 260130 14:36:17 consumers:343] Historical data fetched - 150 candles
[W 260130 14:37:03 smartWebSocketV2:318] Attempting to resubscribe/reconnect (Attempt 1)...
[I 260130 14:37:03 smartConnect:124] in pool
[E 260130 14:37:05 connection:111] Critical error in connection setup: Couldn't parse the JSON response received from the server: b'Access denied because of exceeding access rate'
[E 260130 14:37:05 connection:111] Critical error in connection setup: Couldn't parse the JSON response received from the server: b'Access denied because of exceeding access rate'
[I 260130 14:37:28 connection:67] SmartAPI WebSocket Opened - Ready for subscriptions
[I 260130 14:37:48 consumers:336] Fetching historical candles with params: {'exchange': 'NSE', 'symboltoken': '3045', 'interval': 'FIFTEEN_MINUTE', 'fromdate': '2026-01-20 09:00', 'todate': '2026-01-28 15:30'}
[E 260130 14:37:49 smartConnect:246] Error occurred while making a POST request to https://apiconnect.angelone.in/rest/secure/angelbroking/historical/v1/getCandleData. Error: Something Went Wrong, Please Try After Sometime. URL: https://apiconnect.angelone.in/rest/secure/angelbroking/historical/v1/getCandleData, Headers: {'Content-type': 'application/json', 'X-ClientLocalIP': '127.0.0.1', 'X-ClientPublicIP': '106.193.147.98', 'X-MACAddress': '30:9c:23:7c:86:e1', 'Accept': 'application/json', 'X-PrivateKey': 'iARx2hbi', 'X-UserType': 'USER', 'X-SourceID': 'WEB'}, Request: {'exchange': 'NSE', 'symboltoken': '3045', 'interval': 'FIFTEEN_MINUTE', 'fromdate': '2026-01-20 09:00', 'todate': '2026-01-28 15:30'}, Response: {'message': 'Something Went Wrong, Please Try After Sometime', 'errorcode': 'AB1004', 'status': False, 'data': None}
[E 260130 14:37:49 consumers:416] Historical fetch exception: object of type 'NoneType' has no len()
[W 260130 14:37:56 smartWebSocketV2:318] Attempting to resubscribe/reconnect (Attempt 1)...
[I 260130 14:37:56 smartConnect:124] in pool
[I 260130 14:38:02 connection:67] SmartAPI WebSocket Opened - Ready for subscriptions
[I 260130 14:38:06 connection:67] SmartAPI WebSocket Opened - Ready for subscriptions
[I 260130 14:38:14 consumers:336] Fetching historical candles with params: {'exchange': 'NSE', 'symboltoken': '3045', 'interval': 'FIFTEEN_MINUTE', 'fromdate': '2026-01-20 09:00', 'todate': '2026-01-28 15:30'}
[I 260130 14:38:15 consumers:343] Historical data fetched - 150 candles
[I 260130 14:47:09 connection:67] SmartAPI WebSocket Opened - Ready for subscriptions
[I 260130 14:47:22 consumers:336] Fetching historical candles with params: {'exchange': 'NSE', 'symboltoken': '3045', 'interval': 'FIFTEEN_MINUTE', 'fromdate': '2026-01-20 09:00', 'todate': '2026-01-28 15:30'}
[I 260130 14:47:22 consumers:343] Historical data fetched - 150 candles
[I 260130 14:47:22 consumers:441] Signal generated for 3045 (3045): BUY - Test forced BUY | Current position: NONE
[E 260130 14:47:22 consumers:420] Historical fetch exception: 'MarketConsumer' object has no attribute 'update_position'
[E 260130 14:47:44 connection:111] Critical error in connection setup: Couldn't parse the JSON response received from the server: b'Access denied because of exceeding access rate'
[I 260130 14:47:49 connection:67] SmartAPI WebSocket Opened - Ready for subscriptions
[I 260130 14:47:53 connection:50] Instrument list fetched - 231131 entries
[I 260130 14:47:53 connection:67] SmartAPI WebSocket Opened - Ready for subscriptions
[I 260130 14:47:58 consumers:336] Fetching historical candles with params: {'exchange': 'NSE', 'symboltoken': '3045', 'interval': 'FIFTEEN_MINUTE', 'fromdate': '2026-01-20 09:00', 'todate': '2026-01-28 15:30'}
[E 260130 14:47:59 smartConnect:246] Error occurred while making a POST request to https://apiconnect.angelone.in/rest/secure/angelbroking/historical/v1/getCandleData. Error: Something Went Wrong, Please Try After Sometime. URL: https://apiconnect.angelone.in/rest/secure/angelbroking/historical/v1/getCandleData, Headers: {'Content-type': 'application/json', 'X-ClientLocalIP': '127.0.0.1', 'X-ClientPublicIP': '106.193.147.98', 'X-MACAddress': '30:9c:23:7c:86:e1', 'Accept': 'application/json', 'X-PrivateKey': 'iARx2hbi', 'X-UserType': 'USER', 'X-SourceID': 'WEB'}, Request: {'exchange': 'NSE', 'symboltoken': '3045', 'interval': 'FIFTEEN_MINUTE', 'fromdate': '2026-01-20 09:00', 'todate': '2026-01-28 15:30'}, Response: {'message': 'Something Went Wrong, Please Try After Sometime', 'errorcode': 'AB1004', 'status': False, 'data': None}
[E 260130 14:47:59 consumers:420] Historical fetch exception: object of type 'NoneType' has no len()
[I 260130 14:48:22 connection:67] SmartAPI WebSocket Opened - Ready for subscriptions
[I 260130 14:48:35 consumers:336] Fetching historical candles with params: {'exchange': 'NSE', 'symboltoken': '3045', 'interval': 'FIFTEEN_MINUTE', 'fromdate': '2026-01-20 09:00', 'todate': '2026-01-28 15:30'}
[I 260130 14:48:35 consumers:343] Historical data fetched - 150 candles
[E 260130 14:53:15 connection:111] Critical error in connection setup: Couldn't parse the JSON response received from the server: b'Access denied because of exceeding access rate'
[I 260130 14:53:20 connection:67] SmartAPI WebSocket Opened - Ready for subscriptions
[I 260130 14:53:40 connection:67] SmartAPI WebSocket Opened - Ready for subscriptions
[I 260130 14:53:46 consumers:336] Fetching historical candles with params: {'exchange': 'NSE', 'symboltoken': '3045', 'interval': 'FIFTEEN_MINUTE', 'fromdate': '2026-01-20 09:00', 'todate': '2026-01-28 15:30'}
[I 260130 14:53:47 consumers:343] Historical data fetched - 150 candles
[I 260130 14:53:47 consumers:443] Signal generated for 3045 (3045): BUY - Test forced BUY signal (debug mode) | Current position: NONE
[E 260130 14:53:47 consumers:422] Historical fetch exception: 'MarketConsumer' object has no attribute 'update_position'
[I 260130 14:55:36 connection:67] SmartAPI WebSocket Opened - Ready for subscriptions
[I 260130 14:55:50 consumers:336] Fetching historical candles with params: {'exchange': 'NSE', 'symboltoken': '3045', 'interval': 'FIFTEEN_MINUTE', 'fromdate': '2026-01-20 09:00', 'todate': '2026-01-28 15:30'}
[E 260130 14:55:51 smartConnect:246] Error occurred while making a POST request to https://apiconnect.angelone.in/rest/secure/angelbroking/historical/v1/getCandleData. Error: Something Went Wrong, Please Try After Sometime. URL: https://apiconnect.angelone.in/rest/secure/angelbroking/historical/v1/getCandleData, Headers: {'Content-type': 'application/json', 'X-ClientLocalIP': '127.0.0.1', 'X-ClientPublicIP': '106.193.147.98', 'X-MACAddress': '30:9c:23:7c:86:e1', 'Accept': 'application/json', 'X-PrivateKey': 'iARx2hbi', 'X-UserType': 'USER', 'X-SourceID': 'WEB'}, Request: {'exchange': 'NSE', 'symboltoken': '3045', 'interval': 'FIFTEEN_MINUTE', 'fromdate': '2026-01-20 09:00', 'todate': '2026-01-28 15:30'}, Response: {'message': 'Something Went Wrong, Please Try After Sometime', 'errorcode': 'AB1004', 'status': False, 'data': None}
[E 260130 14:55:51 consumers:421] Historical fetch exception: object of type 'NoneType' has no len()
[I 260130 14:56:41 connection:67] SmartAPI WebSocket Opened - Ready for subscriptions
[I 260130 14:56:48 consumers:336] Fetching historical candles with params: {'exchange': 'NSE', 'symboltoken': '3045', 'interval': 'FIFTEEN_MINUTE', 'fromdate': '2026-01-20 09:00', 'todate': '2026-01-28 15:30'}
[I 260130 14:56:48 consumers:343] Historical data fetched - 150 candles
[I 260130 14:56:48 consumers:443] Signal generated for 3045 (3045): BUY - Test forced BUY signal (debug mode) | Current position: NONE
[E 260130 14:56:48 consumers:422] Historical fetch exception: 'MarketConsumer' object has no attribute 'update_position'
[I 260130 14:57:37 connection:67] SmartAPI WebSocket Opened - Ready for subscriptions
[I 260130 14:57:42 consumers:336] Fetching historical candles with params: {'exchange': 'NSE', 'symboltoken': '3045', 'interval': 'FIFTEEN_MINUTE', 'fromdate': '2026-01-20 09:00', 'todate': '2026-01-28 15:30'}
[I 260130 14:57:42 consumers:343] Historical data fetched - 150 candles
[I 260130 14:59:08 connection:67] SmartAPI WebSocket Opened - Ready for subscriptions
[I 260130 14:59:20 consumers:336] Fetching historical candles with params: {'exchange': 'NSE', 'symboltoken': '3045', 'interval': 'FIFTEEN_MINUTE', 'fromdate': '2026-01-01 09:00', 'todate': '2026-01-28 15:30'}
[I 260130 14:59:21 consumers:343] Historical data fetched - 450 candles
[I 260130 15:00:47 connection:67] SmartAPI WebSocket Opened - Ready for subscriptions
[I 260130 15:01:00 consumers:336] Fetching historical candles with params: {'exchange': 'NSE', 'symboltoken': '99926000', 'interval': 'FIFTEEN_MINUTE', 'fromdate': '2026-01-01 09:00', 'todate': '2026-01-28 15:30'}
[E 260130 15:01:00 smartConnect:246] Error occurred while making a POST request to https://apiconnect.angelone.in/rest/secure/angelbroking/historical/v1/getCandleData. Error: Something Went Wrong, Please Try After Sometime. URL: https://apiconnect.angelone.in/rest/secure/angelbroking/historical/v1/getCandleData, Headers: {'Content-type': 'application/json', 'X-ClientLocalIP': '127.0.0.1', 'X-ClientPublicIP': '106.193.147.98', 'X-MACAddress': '30:9c:23:7c:86:e1', 'Accept': 'application/json', 'X-PrivateKey': 'iARx2hbi', 'X-UserType': 'USER', 'X-SourceID': 'WEB'}, Request: {'exchange': 'NSE', 'symboltoken': '99926000', 'interval': 'FIFTEEN_MINUTE', 'fromdate': '2026-01-01 09:00', 'todate': '2026-01-28 15:30'}, Response: {'message': 'Something Went Wrong, Please Try After Sometime', 'errorcode': 'AB1004', 'status': False, 'data': None}
[E 260130 15:01:00 consumers:418] Historical fetch exception: object of type 'NoneType' has no len()
[I 260130 15:03:31 connection:67] SmartAPI WebSocket Opened - Ready for subscriptions
[I 260130 15:03:37 consumers:336] Fetching historical candles with params: {'exchange': 'NSE', 'symboltoken': '3045', 'interval': 'FIFTEEN_MINUTE', 'fromdate': '2026-01-20 09:00', 'todate': '2026-01-28 15:30'}
[I 260130 15:03:37 consumers:343] Historical data fetched - 150 candles
[I 260130 15:03:37 consumers:442] Signal generated for 3045 (3045): BUY - Test forced BUY signal (debug mode) | Current position: NONE
[E 260130 15:03:37 consumers:421] Historical fetch exception: 'MarketConsumer' object has no attribute 'update_position'
[I 260130 15:08:02 connection:67] SmartAPI WebSocket Opened - Ready for subscriptions
[I 260130 15:08:15 consumers:336] Fetching historical candles with params: {'exchange': 'NSE', 'symboltoken': '3045', 'interval': 'FIFTEEN_MINUTE', 'fromdate': '2026-01-20 09:00', 'todate': '2026-01-28 15:30'}
[I 260130 15:08:15 consumers:343] Historical data fetched - 150 candles
[I 260130 15:08:15 consumers:442] Signal generated for 3045 (3045): BUY - Test forced BUY signal (debug mode) | Current position: NONE
[I 260130 15:08:15 consumers:501] Position opened: LONG 3045 @ 1062.65 (qty: 1)
[I 260130 15:08:15 consumers:460] Simulated BUY entry for 3045 @ 1062.65
[I 260130 15:14:12 connection:67] SmartAPI WebSocket Opened - Ready for subscriptions
[I 260130 15:14:21 consumers:336] Fetching historical candles with params: {'exchange': 'NSE', 'symboltoken': '3045', 'interval': 'FIFTEEN_MINUTE', 'fromdate': '2026-01-20 09:00', 'todate': '2026-01-28 15:30'}
[I 260130 15:14:22 consumers:343] Historical data fetched - 150 candles
[I 260130 15:15:49 connection:67] SmartAPI WebSocket Opened - Ready for subscriptions
[I 260130 15:15:57 consumers:336] Fetching historical candles with params: {'exchange': 'NSE', 'symboltoken': '99926000', 'interval': 'FIFTEEN_MINUTE', 'fromdate': '2026-01-01 09:00', 'todate': '2026-01-28 15:30'}
[E 260130 15:15:57 smartConnect:246] Error occurred while making a POST request to https://apiconnect.angelone.in/rest/secure/angelbroking/historical/v1/getCandleData. Error: Something Went Wrong, Please Try After Sometime. URL: https://apiconnect.angelone.in/rest/secure/angelbroking/historical/v1/getCandleData, Headers: {'Content-type': 'application/json', 'X-ClientLocalIP': '127.0.0.1', 'X-ClientPublicIP': '106.193.147.98', 'X-MACAddress': '30:9c:23:7c:86:e1', 'Accept': 'application/json', 'X-PrivateKey': 'iARx2hbi', 'X-UserType': 'USER', 'X-SourceID': 'WEB'}, Request: {'exchange': 'NSE', 'symboltoken': '99926000', 'interval': 'FIFTEEN_MINUTE', 'fromdate': '2026-01-01 09:00', 'todate': '2026-01-28 15:30'}, Response: {'message': 'Something Went Wrong, Please Try After Sometime', 'errorcode': 'AB1004', 'status': False, 'data': None}
[E 260130 15:15:57 consumers:421] Historical fetch exception: object of type 'NoneType' has no len()
[W 260130 15:16:31 smartWebSocketV2:318] Attempting to resubscribe/reconnect (Attempt 1)...
[I 260130 15:16:31 smartConnect:124] in pool
[I 260130 15:16:38 connection:67] SmartAPI WebSocket Opened - Ready for subscriptions
[I 260130 15:16:38 connection:39] Login SUCCESS - Auth Token: Bearer eyJhbGciOiJIU... | Feed Token: eyJhbGciOiJIUzUxMiJ9...
[I 260130 15:16:41 connection:67] SmartAPI WebSocket Opened - Ready for subscriptions
[I 260130 15:16:44 connection:50] Instrument list fetched - 231131 entries
[I 260130 15:16:44 connection:67] SmartAPI WebSocket Opened - Ready for subscriptions
[I 260130 15:16:53 consumers:336] Fetching historical candles with params: {'exchange': 'NSE', 'symboltoken': '3045', 'interval': 'FIFTEEN_MINUTE', 'fromdate': '2026-01-20 09:00', 'todate': '2026-01-28 15:30'}
[E 260130 15:16:53 consumers:421] Historical fetch exception: Couldn't parse the JSON response received from the server: b'Access denied because of exceeding access rate'
[I 260130 15:17:28 connection:67] SmartAPI WebSocket Opened - Ready for subscriptions
[I 260130 15:17:31 consumers:336] Fetching historical candles with params: {'exchange': 'NSE', 'symboltoken': '3045', 'interval': 'FIFTEEN_MINUTE', 'fromdate': '2026-01-20 09:00', 'todate': '2026-01-28 15:30'}
[I 260130 15:17:32 consumers:343] Historical data fetched - 150 candles
[W 260130 15:19:55 smartWebSocketV2:318] Attempting to resubscribe/reconnect (Attempt 1)...
[I 260130 15:19:56 smartConnect:124] in pool
[I 260130 15:20:59 connection:67] SmartAPI WebSocket Opened - Ready for subscriptions
[I 260130 15:21:01 consumers:336] Fetching historical candles with params: {'exchange': 'NSE', 'symboltoken': '26009', 'interval': 'FIFTEEN_MINUTE', 'fromdate': '2026-01-20 09:00', 'todate': '2026-01-28 15:30'}
[E 260130 15:21:02 consumers:421] Historical fetch exception: Couldn't parse the JSON response received from the server: b'Access denied because of exceeding access rate'
[I 260130 15:22:56 connection:67] SmartAPI WebSocket Opened - Ready for subscriptions
[I 260130 15:23:08 consumers:336] Fetching historical candles with params: {'exchange': 'NSE', 'symboltoken': '3045', 'interval': 'FIFTEEN_MINUTE', 'fromdate': '2026-01-25 09:00', 'todate': '2026-01-28 15:30'}
[E 260130 15:23:09 consumers:421] Historical fetch exception: Couldn't parse the JSON response received from the server: b'Access denied because of exceeding access rate'
[I 260130 15:27:57 connection:67] SmartAPI WebSocket Opened - Ready for subscriptions
[I 260130 15:28:12 consumers:336] Fetching historical candles with params: {'exchange': 'NSE', 'symboltoken': '3045', 'interval': 'FIFTEEN_MINUTE', 'fromdate': '2026-01-25 09:00', 'todate': '2026-01-28 15:30'}
[I 260130 15:28:13 consumers:343] Historical data fetched - 50 candles
[I 260130 15:29:37 connection:67] SmartAPI WebSocket Opened - Ready for subscriptions
[I 260130 15:30:09 consumers:336] Fetching historical candles with params: {'exchange': 'NSE', 'symboltoken': '99926000', 'interval': 'FIFTEEN_MINUTE', 'fromdate': '2026-01-25 09:00', 'todate': '2026-01-28 15:30'}
[I 260130 15:30:09 consumers:343] Historical data fetched - 50 candles
[I 260130 15:32:04 connection:67] SmartAPI WebSocket Opened - Ready for subscriptions
[I 260130 15:32:16 consumers:336] Fetching historical candles with params: {'exchange': 'NSE', 'symboltoken': '3045', 'interval': 'FIFTEEN_MINUTE', 'fromdate': '2026-01-25 09:00', 'todate': '2026-01-28 15:30'}
[I 260130 15:32:16 consumers:343] Historical data fetched - 50 candles
[W 260130 15:45:33 smartWebSocketV2:318] Attempting to resubscribe/reconnect (Attempt 1)...
[I 260130 15:45:33 smartConnect:124] in pool
[I 260130 15:45:39 connection:67] SmartAPI WebSocket Opened - Ready for subscriptions
[I 260130 15:45:43 connection:67] SmartAPI WebSocket Opened - Ready for subscriptions
[I 260130 15:45:53 consumers:336] Fetching historical candles with params: {'exchange': 'NSE', 'symboltoken': '26009', 'interval': 'FIFTEEN_MINUTE', 'fromdate': '2026-01-25 09:00', 'todate': '2026-01-28 15:30'}
[I 260130 15:45:54 consumers:343] Historical data fetched - 0 candles
[I 260130 15:46:31 connection:67] SmartAPI WebSocket Opened - Ready for subscriptions
[I 260130 15:46:46 consumers:336] Fetching historical candles with params: {'exchange': 'NSE', 'symboltoken': '99926000', 'interval': 'FIFTEEN_MINUTE', 'fromdate': '2026-01-25 09:00', 'todate': '2026-01-28 15:30'}
[I 260130 15:46:46 consumers:343] Historical data fetched - 50 candles
[I 260130 15:48:02 connection:67] SmartAPI WebSocket Opened - Ready for subscriptions
[I 260130 15:48:19 consumers:336] Fetching historical candles with params: {'exchange': 'NSE', 'symboltoken': '26001', 'interval': 'FIFTEEN_MINUTE', 'fromdate': '2026-01-25 09:00', 'todate': '2026-01-28 15:30'}
[I 260130 15:48:20 consumers:343] Historical data fetched - 0 candles
[W 260130 15:48:38 smartWebSocketV2:318] Attempting to resubscribe/reconnect (Attempt 1)...
[I 260130 15:48:38 smartConnect:124] in pool
[I 260130 15:48:44 connection:67] SmartAPI WebSocket Opened - Ready for subscriptions
[I 260130 15:48:48 connection:67] SmartAPI WebSocket Opened - Ready for subscriptions
[W 260130 15:48:48 smartWebSocketV2:318] Attempting to resubscribe/reconnect (Attempt 1)...
[I 260130 15:48:49 smartConnect:124] in pool
[I 260130 15:48:54 connection:67] SmartAPI WebSocket Opened - Ready for subscriptions
[I 260130 15:49:14 connection:67] SmartAPI WebSocket Opened - Ready for subscriptions
[I 260130 15:49:31 consumers:336] Fetching historical candles with params: {'exchange': 'NSE', 'symboltoken': '26037', 'interval': 'FIFTEEN_MINUTE', 'fromdate': '2026-01-25 09:00', 'todate': '2026-01-28 15:30'}
[I 260130 15:49:32 consumers:343] Historical data fetched - 0 candles
[I 260130 15:50:13 connection:67] SmartAPI WebSocket Opened - Ready for subscriptions
[I 260130 15:50:36 consumers:336] Fetching historical candles with params: {'exchange': 'NSE', 'symboltoken': '99926000', 'interval': 'FIFTEEN_MINUTE', 'fromdate': '2026-01-25 09:00', 'todate': '2026-01-28 15:30'}
[I 260130 15:50:37 consumers:343] Historical data fetched - 50 candles
[I 260130 15:51:49 connection:67] SmartAPI WebSocket Opened - Ready for subscriptions
[I 260130 15:52:07 consumers:336] Fetching historical candles with params: {'exchange': 'NSE', 'symboltoken': '99926000', 'interval': 'FIFTEEN_MINUTE', 'fromdate': '2026-01-25 09:00', 'todate': '2026-01-28 15:30'}
[I 260130 15:52:07 consumers:343] Historical data fetched - 50 candles
[I 260130 15:52:07 consumers:442] Signal generated for 99926000 (99926000): BUY - Test forced BUY signal (debug mode) | Current position: NONE
[I 260130 15:52:07 consumers:501] Position opened: LONG 99926000 @ 25348.05 (qty: 1)
[I 260130 15:52:07 consumers:460] Simulated BUY entry for 99926000 @ 25348.05
[I 260130 15:53:32 connection:67] SmartAPI WebSocket Opened - Ready for subscriptions
[I 260130 15:53:43 consumers:336] Fetching historical candles with params: {'exchange': 'NSE', 'symboltoken': '99926000', 'interval': 'FIFTEEN_MINUTE', 'fromdate': '2026-01-25 09:00', 'todate': '2026-01-28 15:30'}
[I 260130 15:53:43 consumers:343] Historical data fetched - 50 candles
[W 260130 16:15:33 smartWebSocketV2:318] Attempting to resubscribe/reconnect (Attempt 1)...
[I 260130 16:15:34 smartConnect:124] in pool
[I 260130 16:15:42 connection:67] SmartAPI WebSocket Opened - Ready for subscriptions
[I 260130 16:15:43 connection:67] SmartAPI WebSocket Opened - Ready for subscriptions
[I 260130 16:15:50 consumers:336] Fetching historical candles with params: {'exchange': 'NSE', 'symboltoken': '99926000', 'interval': 'FIFTEEN_MINUTE', 'fromdate': '2026-01-25 09:00', 'todate': '2026-01-28 15:30'}
[I 260130 16:15:51 consumers:343] Historical data fetched - 50 candles
[W 260130 16:25:02 smartWebSocketV2:318] Attempting to resubscribe/reconnect (Attempt 1)...
[I 260130 16:25:03 smartConnect:124] in pool
[I 260130 16:25:12 connection:67] SmartAPI WebSocket Opened - Ready for subscriptions
[I 260130 16:25:13 connection:67] SmartAPI WebSocket Opened - Ready for subscriptions
[I 260130 16:26:18 connection:67] SmartAPI WebSocket Opened - Ready for subscriptions
[I 260130 16:26:27 consumers:336] Fetching historical candles with params: {'exchange': 'NSE', 'symboltoken': '99926000', 'interval': 'FIFTEEN_MINUTE', 'fromdate': '2026-01-25 09:00', 'todate': '2026-01-28 15:30'}
[I 260130 16:26:27 consumers:343] Historical data fetched - 50 candles
[I 260130 16:36:42 connection:67] SmartAPI WebSocket Opened - Ready for subscriptions
[I 260130 16:36:50 consumers:336] Fetching historical candles with params: {'exchange': 'NSE', 'symboltoken': '99926000', 'interval': 'FIFTEEN_MINUTE', 'fromdate': '2026-01-25 09:00', 'todate': '2026-01-28 15:30'}
[I 260130 16:36:51 consumers:343] Historical data fetched - 50 candles
[I 260130 16:36:51 strategies:48] ADX Signal: {'action': 'BUY', 'reason': '+DI 25.34 > 20 (strong uptrend)', 'confidence': 'high'}
[I 260130 16:36:51 strategies:78] MACD Signal: {'action': 'BUY', 'reason': 'MACD line 30.6986 > 0 (bullish)'}
[I 260130 16:36:51 consumers:397] Strategy check for 99926000: ADX={'action': 'BUY', 'reason': '+DI 25.34 > 20 (strong uptrend)', 'confidence': 'high'}, MACD={'action': 'BUY', 'reason': 'MACD line 30.6986 > 0 (bullish)'}, CurrentSide=NONE
[I 260130 16:36:51 consumers:439] Signal generated for 99926000 (99926000): BUY - +DI 25.34 > 20 (strong uptrend) | Current position: NONE
[I 260130 16:36:51 consumers:498] Position opened: LONG 99926000 @ 25348.05 (qty: 1)
[I 260130 16:36:51 consumers:457] Simulated BUY entry for 99926000 @ 25348.05
[I 260130 16:36:51 consumers:439] Signal generated for 99926000 (99926000): BUY - MACD line 30.6986 > 0 (bullish) | Current position: LONG
[I 260130 16:47:31 connection:67] SmartAPI WebSocket Opened - Ready for subscriptions
[I 260130 16:47:40 consumers:336] Fetching historical candles with params: {'exchange': 'NSE', 'symboltoken': '3326', 'interval': 'FIFTEEN_MINUTE', 'fromdate': '2026-01-25 09:00', 'todate': '2026-01-28 15:30'}
[I 260130 16:47:41 consumers:343] Historical data fetched - 50 candles
[I 260130 16:47:41 strategies:48] ADX Signal: {'action': 'SELL', 'reason': '-DI 29.55 > 20 (strong downtrend)', 'confidence': 'high'}
[I 260130 16:47:41 strategies:78] MACD Signal: {'action': 'BUY', 'reason': 'MACD line 0.8000 > 0 (bullish)'}
[I 260130 16:47:41 consumers:397] Strategy check for 3326: ADX={'action': 'SELL', 'reason': '-DI 29.55 > 20 (strong downtrend)', 'confidence': 'high'}, MACD={'action': 'BUY', 'reason': 'MACD line 0.8000 > 0 (bullish)'}, CurrentSide=NONE
[I 260130 16:47:41 consumers:439] Signal generated for 3326 (3326): SELL - -DI 29.55 > 20 (strong downtrend) | Current position: NONE
[I 260130 16:47:41 consumers:498] Position opened: SHORT 3326 @ 940.0 (qty: 1)
[I 260130 16:47:41 consumers:462] Simulated SELL entry for 3326 @ 940.0
[I 260130 16:47:41 consumers:439] Signal generated for 3326 (3326): BUY - MACD line 0.8000 > 0 (bullish) | Current position: SHORT
[I 260130 16:49:21 connection:67] SmartAPI WebSocket Opened - Ready for subscriptions
[I 260130 16:49:42 consumers:336] Fetching historical candles with params: {'exchange': 'NSE', 'symboltoken': '3326', 'interval': 'FIFTEEN_MINUTE', 'fromdate': '2026-01-25 09:00', 'todate': '2026-01-28 15:30'}
[I 260130 16:49:43 consumers:343] Historical data fetched - 50 candles
[I 260130 16:49:43 strategies:48] ADX Signal: {'action': 'SELL', 'reason': '-DI 29.55 > 20 (strong downtrend)', 'confidence': 'high'}
[I 260130 16:49:43 strategies:78] MACD Signal: {'action': 'BUY', 'reason': 'MACD line 0.8000 > 0 (bullish)'}
[I 260130 16:49:43 consumers:397] Strategy check for 3326: ADX={'action': 'SELL', 'reason': '-DI 29.55 > 20 (strong downtrend)', 'confidence': 'high'}, MACD={'action': 'BUY', 'reason': 'MACD line 0.8000 > 0 (bullish)'}, CurrentSide=NONE
[I 260130 16:49:43 consumers:439] Signal generated for 3326 (3326): SELL - -DI 29.55 > 20 (strong downtrend) | Current position: NONE
[I 260130 16:49:43 consumers:498] Position opened: SHORT 3326 @ 940.0 (qty: 1)
[I 260130 16:49:43 consumers:462] Simulated SELL entry for 3326 @ 940.0
[I 260130 16:49:43 consumers:439] Signal generated for 3326 (3326): BUY - MACD line 0.8000 > 0 (bullish) | Current position: SHORT
[I 260130 16:53:34 connection:67] SmartAPI WebSocket Opened - Ready for subscriptions
[W 260130 17:12:08 smartWebSocketV2:318] Attempting to resubscribe/reconnect (Attempt 1)...
[I 260130 17:12:18 connection:67] SmartAPI WebSocket Opened - Ready for subscriptions
[I 260130 17:12:19 smartConnect:124] in pool
[I 260130 17:12:28 connection:67] SmartAPI WebSocket Opened - Ready for subscriptions
[I 260130 17:12:57 consumers:336] Fetching historical candles with params: {'exchange': 'NSE', 'symboltoken': '3326', 'interval': 'FIFTEEN_MINUTE', 'fromdate': '2026-01-25 09:00', 'todate': '2026-01-28 15:30'}
[I 260130 17:12:58 consumers:343] Historical data fetched - 50 candles
[I 260130 17:12:58 strategies:48] ADX Signal: {'action': 'SELL', 'reason': '-DI 29.55 > 20 (strong downtrend)', 'confidence': 'high'}
[I 260130 17:12:58 strategies:78] MACD Signal: {'action': 'BUY', 'reason': 'MACD line 0.8000 > 0 (bullish)'}
[I 260130 17:12:58 consumers:397] Strategy check for 3326: ADX={'action': 'SELL', 'reason': '-DI 29.55 > 20 (strong downtrend)', 'confidence': 'high'}, MACD={'action': 'BUY', 'reason': 'MACD line 0.8000 > 0 (bullish)'}, CurrentSide=NONE
[I 260130 17:12:58 consumers:439] Signal generated for 3326 (3326): SELL - -DI 29.55 > 20 (strong downtrend) | Current position: NONE
[I 260130 17:12:58 consumers:498] Position opened: SHORT 3326 @ 940.0 (qty: 1)
[I 260130 17:12:58 consumers:462] Simulated SELL entry for 3326 @ 940.0
[I 260130 17:12:58 consumers:439] Signal generated for 3326 (3326): BUY - MACD line 0.8000 > 0 (bullish) | Current position: SHORT
[I 260130 17:15:03 connection:67] SmartAPI WebSocket Opened - Ready for subscriptions
[E 260130 17:15:19 smartConnect:246] Error occurred while making a POST request to https://apiconnect.angelone.in/rest/secure/angelbroking/order/v1/placeOrder. Error: Your demat account is dormant. URL: https://apiconnect.angelone.in/rest/secure/angelbroking/order/v1/placeOrder, Headers: {'Content-type': 'application/json', 'X-ClientLocalIP': '127.0.0.1', 'X-ClientPublicIP': '106.193.147.98', 'X-MACAddress': '30:9c:23:7c:86:e1', 'Accept': 'application/json', 'X-PrivateKey': 'iARx2hbi', 'X-UserType': 'USER', 'X-SourceID': 'WEB'}, Request: {'variety': 'NORMAL', 'tradingsymbol': 'SBIN-EQ', 'symboltoken': '3045', 'transactiontype': 'BUY', 'exchange': 'NSE', 'ordertype': 'LIMIT', 'producttype': 'INTRADAY', 'duration': 'DAY', 'price': '100', 'quantity': '1', 'squareoff': '0', 'stoploss': '0'}, Response: {'status': False, 'message': 'Your demat account is dormant', 'errorcode': 'AB1007', 'data': {'script': 'SBIN-EQ', 'orderid': None, 'uniqueorderid': 'c41ab0b1-fb52-44f8-a81a-6b669c7f1e01'}}
[E 260130 17:15:19 smartConnect:339] API request failed: {'status': False, 'message': 'Your demat account is dormant', 'errorcode': 'AB1007', 'data': {'script': 'SBIN-EQ', 'orderid': None, 'uniqueorderid': 'c41ab0b1-fb52-44f8-a81a-6b669c7f1e01'}}
[I 260130 17:15:19 consumers:161] Raw broker response from placeOrder: None
[E 260130 17:15:19 consumers:169] placeOrder returned None - possible session invalid, network issue, or broker restriction
[I 260130 17:41:08 connection:67] SmartAPI WebSocket Opened - Ready for subscriptions
[I 260130 17:41:23 consumers:336] Fetching historical candles with params: {'exchange': 'NSE', 'symboltoken': '3326', 'interval': 'FIFTEEN_MINUTE', 'fromdate': '2026-01-25 09:00', 'todate': '2026-01-28 15:30'}
[I 260130 17:41:24 consumers:343] Historical data fetched - 50 candles
[I 260130 17:41:24 strategies:48] ADX Signal: {'action': 'SELL', 'reason': '-DI 29.55 > 20 (strong downtrend)', 'confidence': 'high'}
[I 260130 17:41:24 strategies:78] MACD Signal: {'action': 'BUY', 'reason': 'MACD line 0.8000 > 0 (bullish)'}
[I 260130 17:41:24 consumers:397] Strategy check for 3326: ADX={'action': 'SELL', 'reason': '-DI 29.55 > 20 (strong downtrend)', 'confidence': 'high'}, MACD={'action': 'BUY', 'reason': 'MACD line 0.8000 > 0 (bullish)'}, CurrentSide=NONE
[I 260130 17:41:24 consumers:439] Signal generated for 3326 (3326): SELL - -DI 29.55 > 20 (strong downtrend) | Current position: NONE
[I 260130 17:41:24 consumers:498] Position opened: SHORT 3326 @ 940.0 (qty: 1)
[I 260130 17:41:24 consumers:462] Simulated SELL entry for 3326 @ 940.0
[I 260130 17:41:24 consumers:439] Signal generated for 3326 (3326): BUY - MACD line 0.8000 > 0 (bullish) | Current position: SHORT
[I 260130 17:42:16 consumers:336] Fetching historical candles with params: {'exchange': 'NSE', 'symboltoken': '3326', 'interval': 'FIFTEEN_MINUTE', 'fromdate': '2026-01-25 09:00', 'todate': '2026-01-28 15:30'}
[I 260130 17:42:16 consumers:343] Historical data fetched - 50 candles
[I 260130 17:42:16 strategies:48] ADX Signal: None
[I 260130 17:42:16 strategies:78] MACD Signal: {'action': 'EXIT', 'reason': 'MACD line crossed above 0 (bullish crossover)'}
[I 260130 17:42:16 consumers:397] Strategy check for 3326: ADX=None, MACD={'action': 'EXIT', 'reason': 'MACD line crossed above 0 (bullish crossover)'}, CurrentSide=SHORT
[I 260130 17:42:16 consumers:439] Signal generated for 3326 (3326): EXIT - MACD line crossed above 0 (bullish crossover) | Current position: SHORT
[I 260130 17:42:16 consumers:521] Position closed: 3326 SHORT @ 940.0 | PNL: 0.0
[I 260130 17:42:16 consumers:467] Simulated EXIT for 3326 @ 940.0 | PNL updated
[W 260130 17:49:31 smartWebSocketV2:318] Attempting to resubscribe/reconnect (Attempt 1)...
[I 260130 17:49:32 smartConnect:124] in pool
[I 260130 17:49:40 connection:67] SmartAPI WebSocket Opened - Ready for subscriptions
[I 260130 17:49:41 connection:67] SmartAPI WebSocket Opened - Ready for subscriptions
[W 260130 17:52:01 smartWebSocketV2:318] Attempting to resubscribe/reconnect (Attempt 1)...
[I 260130 17:52:01 smartConnect:124] in pool
[I 260130 17:52:10 connection:67] SmartAPI WebSocket Opened - Ready for subscriptions
[I 260130 17:52:11 connection:67] SmartAPI WebSocket Opened - Ready for subscriptions
[W 260130 17:53:51 smartWebSocketV2:318] Attempting to resubscribe/reconnect (Attempt 1)...
[I 260130 17:53:51 smartConnect:124] in pool
[I 260130 17:53:58 connection:67] SmartAPI WebSocket Opened - Ready for subscriptions
[E 260130 17:54:01 connection:87] WebSocket Error: Connection closed
[W 260130 17:54:01 smartWebSocketV2:342] Connection closed due to max retry attempts reached.
[E 260130 17:54:01 connection:87] WebSocket Error: Connection closed
[W 260130 17:54:01 smartWebSocketV2:342] Connection closed due to max retry attempts reached.
[I 260130 17:54:11 consumers:336] Fetching historical candles with params: {'exchange': 'NSE', 'symboltoken': '3045', 'interval': 'FIFTEEN_MINUTE', 'fromdate': '2026-01-25 09:00', 'todate': '2026-01-28 15:30'}
[I 260130 17:54:11 consumers:343] Historical data fetched - 50 candles
[I 260130 17:54:11 strategies:48] ADX Signal: {'action': 'BUY', 'reason': '+DI 25.24 > 20 (strong uptrend)', 'confidence': 'high'}
[I 260130 17:54:11 strategies:78] MACD Signal: {'action': 'BUY', 'reason': 'MACD line 2.8855 > 0 (bullish)'}
[I 260130 17:54:11 consumers:397] Strategy check for 3045: ADX={'action': 'BUY', 'reason': '+DI 25.24 > 20 (strong uptrend)', 'confidence': 'high'}, MACD={'action': 'BUY', 'reason': 'MACD line 2.8855 > 0 (bullish)'}, CurrentSide=NONE
[I 260130 17:54:11 consumers:439] Signal generated for 3045 (3045): BUY - +DI 25.24 > 20 (strong uptrend) | Current position: NONE
[I 260130 17:54:11 consumers:498] Position opened: LONG 3045 @ 1062.65 (qty: 1)
[I 260130 17:54:11 consumers:457] Simulated BUY entry for 3045 @ 1062.65
[I 260130 17:54:11 consumers:439] Signal generated for 3045 (3045): BUY - MACD line 2.8855 > 0 (bullish) | Current position: LONG
[I 260130 18:01:34 connection:67] SmartAPI WebSocket Opened - Ready for subscriptions
[W 260130 18:04:44 smartWebSocketV2:318] Attempting to resubscribe/reconnect (Attempt 1)...
[I 260130 18:04:44 smartConnect:124] in pool
[I 260130 18:04:56 connection:67] SmartAPI WebSocket Opened - Ready for subscriptions
[I 260130 18:05:04 consumers:336] Fetching historical candles with params: {'exchange': 'NSE', 'symboltoken': '3045', 'interval': 'FIFTEEN_MINUTE', 'fromdate': '2026-01-25 09:00', 'todate': '2026-01-28 15:30'}
[I 260130 18:05:05 consumers:343] Historical data fetched - 50 candles
[I 260130 18:05:05 strategies:48] ADX Signal: {'action': 'BUY', 'reason': '+DI 25.24 > 20 (strong uptrend)', 'confidence': 'high'}
[I 260130 18:05:05 strategies:78] MACD Signal: {'action': 'BUY', 'reason': 'MACD line 2.8855 > 0 (bullish)'}
[I 260130 18:05:05 consumers:397] Strategy check for 3045: ADX={'action': 'BUY', 'reason': '+DI 25.24 > 20 (strong uptrend)', 'confidence': 'high'}, MACD={'action': 'BUY', 'reason': 'MACD line 2.8855 > 0 (bullish)'}, CurrentSide=NONE
[I 260130 18:05:05 consumers:439] Signal generated for 3045 (3045): BUY - +DI 25.24 > 20 (strong uptrend) | Current position: NONE
[I 260130 18:05:05 consumers:498] Position opened: LONG 3045 @ 1062.65 (qty: 1)
[I 260130 18:05:05 consumers:457] Simulated BUY entry for 3045 @ 1062.65
[I 260130 18:05:05 consumers:439] Signal generated for 3045 (3045): BUY - MACD line 2.8855 > 0 (bullish) | Current position: LONG
[I 260130 18:05:51 connection:67] SmartAPI WebSocket Opened - Ready for subscriptions
[I 260130 18:05:56 connection:50] Instrument list fetched - 231131 entries
[I 260130 18:05:56 connection:67] SmartAPI WebSocket Opened - Ready for subscriptions
[W 260130 18:05:59 smartWebSocketV2:318] Attempting to resubscribe/reconnect (Attempt 1)...
[I 260130 18:05:59 smartConnect:124] in pool
[I 260130 18:06:07 connection:67] SmartAPI WebSocket Opened - Ready for subscriptions
[I 260130 18:06:09 connection:50] Instrument list fetched - 231131 entries
[I 260130 18:06:10 connection:67] SmartAPI WebSocket Opened - Ready for subscriptions
[W 260130 18:06:10 smartWebSocketV2:318] Attempting to resubscribe/reconnect (Attempt 1)...
[E 260130 18:06:20 connection:87] WebSocket Error: Connection closed
[W 260130 18:06:20 smartWebSocketV2:342] Connection closed due to max retry attempts reached.
[E 260130 18:06:20 connection:87] WebSocket Error: Connection closed
[W 260130 18:06:20 smartWebSocketV2:342] Connection closed due to max retry attempts reached.
[E 260130 18:06:20 connection:87] WebSocket Error: Connection closed
[W 260130 18:06:20 smartWebSocketV2:342] Connection closed due to max retry attempts reached.
[I 260130 18:07:16 connection:67] SmartAPI WebSocket Opened - Ready for subscriptions
[I 260130 18:07:24 consumers:336] Fetching historical candles with params: {'exchange': 'NSE', 'symboltoken': '3326', 'interval': 'FIFTEEN_MINUTE', 'fromdate': '2026-01-25 09:00', 'todate': '2026-01-28 15:30'}
[I 260130 18:07:24 consumers:343] Historical data fetched - 50 candles
[I 260130 18:07:24 strategies:48] ADX Signal: {'action': 'SELL', 'reason': '-DI 29.55 > 20 (strong downtrend)', 'confidence': 'high'}
[I 260130 18:07:24 strategies:78] MACD Signal: {'action': 'BUY', 'reason': 'MACD line 0.8000 > 0 (bullish)'}
[I 260130 18:07:24 consumers:397] Strategy check for 3326: ADX={'action': 'SELL', 'reason': '-DI 29.55 > 20 (strong downtrend)', 'confidence': 'high'}, MACD={'action': 'BUY', 'reason': 'MACD line 0.8000 > 0 (bullish)'}, CurrentSide=NONE
[I 260130 18:07:24 consumers:439] Signal generated for 3326 (3326): SELL - -DI 29.55 > 20 (strong downtrend) | Current position: NONE
[I 260130 18:07:24 consumers:498] Position opened: SHORT 3326 @ 940.0 (qty: 1)
[I 260130 18:07:24 consumers:462] Simulated SELL entry for 3326 @ 940.0
[I 260130 18:07:24 consumers:439] Signal generated for 3326 (3326): BUY - MACD line 0.8000 > 0 (bullish) | Current position: SHORT
