[I 260128 14:08:06 consumers:108] SmartAPI WebSocket Opened - Ready for subscriptions
[I 260128 14:29:48 consumers:108] SmartAPI WebSocket Opened - Ready for subscriptions
[W 260128 14:30:24 smartWebSocketV2:318] Attempting to resubscribe/reconnect (Attempt 1)...
[I 260128 14:30:25 smartConnect:124] in pool
[I 260128 14:30:30 consumers:108] SmartAPI WebSocket Opened - Ready for subscriptions
[I 260128 14:30:34 consumers:108] SmartAPI WebSocket Opened - Ready for subscriptions
[I 260128 15:21:56 consumers:108] SmartAPI WebSocket Opened - Ready for subscriptions
[W 260128 15:25:28 smartWebSocketV2:318] Attempting to resubscribe/reconnect (Attempt 1)...
[I 260128 15:25:28 smartConnect:124] in pool
[I 260128 15:25:37 consumers:108] SmartAPI WebSocket Opened - Ready for subscriptions
[I 260128 15:25:38 consumers:108] SmartAPI WebSocket Opened - Ready for subscriptions
[E 260128 15:27:17 smartConnect:246] Error occurred while making a POST request to https://apiconnect.angelone.in/rest/secure/angelbroking/order/v1/placeOrder. Error: Your demat account is dormant. URL: https://apiconnect.angelone.in/rest/secure/angelbroking/order/v1/placeOrder, Headers: {'Content-type': 'application/json', 'X-ClientLocalIP': '127.0.0.1', 'X-ClientPublicIP': '106.193.147.98', 'X-MACAddress': '30:9c:23:7c:86:e1', 'Accept': 'application/json', 'X-PrivateKey': 'iARx2hbi', 'X-UserType': 'USER', 'X-SourceID': 'WEB'}, Request: {'variety': 'NORMAL', 'tradingsymbol': 'SBIN-EQ', 'symboltoken': '3045', 'transactiontype': 'BUY', 'exchange': 'NSE', 'ordertype': 'LIMIT', 'producttype': 'INTRADAY', 'duration': 'DAY', 'price': '100', 'quantity': '1', 'squareoff': '0', 'stoploss': '0'}, Response: {'status': False, 'message': 'Your demat account is dormant', 'errorcode': 'AB1007', 'data': {'script': 'SBIN-EQ', 'orderid': None, 'uniqueorderid': 'ca33ede8-cb50-4127-b352-be30b7b0180c'}}
[E 260128 15:27:17 smartConnect:339] API request failed: {'status': False, 'message': 'Your demat account is dormant', 'errorcode': 'AB1007', 'data': {'script': 'SBIN-EQ', 'orderid': None, 'uniqueorderid': 'ca33ede8-cb50-4127-b352-be30b7b0180c'}}
[I 260128 15:32:31 consumers:108] SmartAPI WebSocket Opened - Ready for subscriptions
[W 260128 15:38:09 smartWebSocketV2:318] Attempting to resubscribe/reconnect (Attempt 1)...
[I 260128 15:38:09 smartConnect:124] in pool
[I 260128 15:38:21 consumers:108] SmartAPI WebSocket Opened - Ready for subscriptions
[E 260128 15:38:28 smartConnect:246] Error occurred while making a POST request to https://apiconnect.angelone.in/rest/secure/angelbroking/order/v1/placeOrder. Error: Your demat account is dormant. URL: https://apiconnect.angelone.in/rest/secure/angelbroking/order/v1/placeOrder, Headers: {'Content-type': 'application/json', 'X-ClientLocalIP': '127.0.0.1', 'X-ClientPublicIP': '106.193.147.98', 'X-MACAddress': '30:9c:23:7c:86:e1', 'Accept': 'application/json', 'X-PrivateKey': 'iARx2hbi', 'X-UserType': 'USER', 'X-SourceID': 'WEB'}, Request: {'variety': 'NORMAL', 'tradingsymbol': 'SBIN-EQ', 'symboltoken': '3045', 'transactiontype': 'BUY', 'exchange': 'NSE', 'ordertype': 'LIMIT', 'producttype': 'INTRADAY', 'duration': 'DAY', 'price': '100', 'quantity': '1', 'squareoff': '0', 'stoploss': '0'}, Response: {'status': False, 'message': 'Your demat account is dormant', 'errorcode': 'AB1007', 'data': {'script': 'SBIN-EQ', 'orderid': None, 'uniqueorderid': '81af1ad1-6523-440f-9aa0-1ba4f506b230'}}
[E 260128 15:38:28 smartConnect:339] API request failed: {'status': False, 'message': 'Your demat account is dormant', 'errorcode': 'AB1007', 'data': {'script': 'SBIN-EQ', 'orderid': None, 'uniqueorderid': '81af1ad1-6523-440f-9aa0-1ba4f506b230'}}
[E 260128 15:40:48 smartConnect:246] Error occurred while making a POST request to https://apiconnect.angelone.in/rest/secure/angelbroking/order/v1/placeOrder. Error: Your demat account is dormant. URL: https://apiconnect.angelone.in/rest/secure/angelbroking/order/v1/placeOrder, Headers: {'Content-type': 'application/json', 'X-ClientLocalIP': '127.0.0.1', 'X-ClientPublicIP': '106.193.147.98', 'X-MACAddress': '30:9c:23:7c:86:e1', 'Accept': 'application/json', 'X-PrivateKey': 'iARx2hbi', 'X-UserType': 'USER', 'X-SourceID': 'WEB'}, Request: {'variety': 'NORMAL', 'tradingsymbol': 'SBIN-EQ', 'symboltoken': '3045', 'transactiontype': 'BUY', 'exchange': 'NSE', 'ordertype': 'LIMIT', 'producttype': 'INTRADAY', 'duration': 'DAY', 'price': '100', 'quantity': '1', 'squareoff': '0', 'stoploss': '0'}, Response: {'status': False, 'message': 'Your demat account is dormant', 'errorcode': 'AB1007', 'data': {'script': 'SBIN-EQ', 'orderid': None, 'uniqueorderid': '6546c5b6-cea3-4419-9c5a-5cadf5b6c540'}}
[E 260128 15:40:48 smartConnect:339] API request failed: {'status': False, 'message': 'Your demat account is dormant', 'errorcode': 'AB1007', 'data': {'script': 'SBIN-EQ', 'orderid': None, 'uniqueorderid': '6546c5b6-cea3-4419-9c5a-5cadf5b6c540'}}
[I 260128 15:45:32 consumers:108] SmartAPI WebSocket Opened - Ready for subscriptions
[E 260128 15:45:41 smartConnect:246] Error occurred while making a POST request to https://apiconnect.angelone.in/rest/secure/angelbroking/order/v1/placeOrder. Error: Your demat account is dormant. URL: https://apiconnect.angelone.in/rest/secure/angelbroking/order/v1/placeOrder, Headers: {'Content-type': 'application/json', 'X-ClientLocalIP': '127.0.0.1', 'X-ClientPublicIP': '106.193.147.98', 'X-MACAddress': '30:9c:23:7c:86:e1', 'Accept': 'application/json', 'X-PrivateKey': 'iARx2hbi', 'X-UserType': 'USER', 'X-SourceID': 'WEB'}, Request: {'variety': 'NORMAL', 'tradingsymbol': 'SBIN-EQ', 'symboltoken': '3045', 'transactiontype': 'BUY', 'exchange': 'NSE', 'ordertype': 'LIMIT', 'producttype': 'INTRADAY', 'duration': 'DAY', 'price': '100', 'quantity': '1', 'squareoff': '0', 'stoploss': '0'}, Response: {'status': False, 'message': 'Your demat account is dormant', 'errorcode': 'AB1007', 'data': {'script': 'SBIN-EQ', 'orderid': None, 'uniqueorderid': '3687b6e8-c090-4396-87ca-a8465a1dd32a'}}
[E 260128 15:45:41 smartConnect:339] API request failed: {'status': False, 'message': 'Your demat account is dormant', 'errorcode': 'AB1007', 'data': {'script': 'SBIN-EQ', 'orderid': None, 'uniqueorderid': '3687b6e8-c090-4396-87ca-a8465a1dd32a'}}
[E 260128 15:45:41 consumers:288] Place order exception: 'NoneType' object has no attribute 'get'
[E 260128 15:49:41 smartConnect:246] Error occurred while making a POST request to https://apiconnect.angelone.in/rest/secure/angelbroking/order/v1/placeOrder. Error: Your demat account is dormant. URL: https://apiconnect.angelone.in/rest/secure/angelbroking/order/v1/placeOrder, Headers: {'Content-type': 'application/json', 'X-ClientLocalIP': '127.0.0.1', 'X-ClientPublicIP': '106.193.147.98', 'X-MACAddress': '30:9c:23:7c:86:e1', 'Accept': 'application/json', 'X-PrivateKey': 'iARx2hbi', 'X-UserType': 'USER', 'X-SourceID': 'WEB'}, Request: {'variety': 'NORMAL', 'tradingsymbol': 'SBIN-EQ', 'symboltoken': '3045', 'transactiontype': 'BUY', 'exchange': 'NSE', 'ordertype': 'LIMIT', 'producttype': 'INTRADAY', 'duration': 'DAY', 'price': '100', 'quantity': '1', 'squareoff': '0', 'stoploss': '0'}, Response: {'status': False, 'message': 'Your demat account is dormant', 'errorcode': 'AB1007', 'data': {'script': 'SBIN-EQ', 'orderid': None, 'uniqueorderid': '718ab0d1-82c1-428f-8f80-3cb13c1c0e60'}}
[E 260128 15:49:41 smartConnect:339] API request failed: {'status': False, 'message': 'Your demat account is dormant', 'errorcode': 'AB1007', 'data': {'script': 'SBIN-EQ', 'orderid': None, 'uniqueorderid': '718ab0d1-82c1-428f-8f80-3cb13c1c0e60'}}
[E 260128 15:49:41 consumers:297] Place order exception: 'NoneType' object has no attribute 'get'
[I 260128 15:49:45 consumers:108] SmartAPI WebSocket Opened - Ready for subscriptions
[W 260128 15:49:49 smartWebSocketV2:318] Attempting to resubscribe/reconnect (Attempt 1)...
[I 260128 15:49:49 smartConnect:124] in pool
[I 260128 15:50:02 consumers:108] SmartAPI WebSocket Opened - Ready for subscriptions
[E 260128 15:50:06 smartConnect:246] Error occurred while making a POST request to https://apiconnect.angelone.in/rest/secure/angelbroking/order/v1/placeOrder. Error: Your demat account is dormant. URL: https://apiconnect.angelone.in/rest/secure/angelbroking/order/v1/placeOrder, Headers: {'Content-type': 'application/json', 'X-ClientLocalIP': '127.0.0.1', 'X-ClientPublicIP': '106.193.147.98', 'X-MACAddress': '30:9c:23:7c:86:e1', 'Accept': 'application/json', 'X-PrivateKey': 'iARx2hbi', 'X-UserType': 'USER', 'X-SourceID': 'WEB'}, Request: {'variety': 'NORMAL', 'tradingsymbol': 'SBIN-EQ', 'symboltoken': '3045', 'transactiontype': 'BUY', 'exchange': 'NSE', 'ordertype': 'LIMIT', 'producttype': 'INTRADAY', 'duration': 'DAY', 'price': '100', 'quantity': '1', 'squareoff': '0', 'stoploss': '0'}, Response: {'status': False, 'message': 'Your demat account is dormant', 'errorcode': 'AB1007', 'data': {'script': 'SBIN-EQ', 'orderid': None, 'uniqueorderid': '5eb475d1-4f02-4798-9e1c-78033a766523'}}
[E 260128 15:50:06 smartConnect:339] API request failed: {'status': False, 'message': 'Your demat account is dormant', 'errorcode': 'AB1007', 'data': {'script': 'SBIN-EQ', 'orderid': None, 'uniqueorderid': '5eb475d1-4f02-4798-9e1c-78033a766523'}}
[I 260128 15:50:06 consumers:264] Raw broker response: None
[E 260128 15:50:06 consumers:297] Place order exception: 'NoneType' object has no attribute 'get'
[I 260128 15:52:16 consumers:108] SmartAPI WebSocket Opened - Ready for subscriptions
[E 260128 15:52:23 smartConnect:246] Error occurred while making a POST request to https://apiconnect.angelone.in/rest/secure/angelbroking/order/v1/placeOrder. Error: Your demat account is dormant. URL: https://apiconnect.angelone.in/rest/secure/angelbroking/order/v1/placeOrder, Headers: {'Content-type': 'application/json', 'X-ClientLocalIP': '127.0.0.1', 'X-ClientPublicIP': '106.193.147.98', 'X-MACAddress': '30:9c:23:7c:86:e1', 'Accept': 'application/json', 'X-PrivateKey': 'iARx2hbi', 'X-UserType': 'USER', 'X-SourceID': 'WEB'}, Request: {'variety': 'NORMAL', 'tradingsymbol': 'SBIN-EQ', 'symboltoken': '3045', 'transactiontype': 'BUY', 'exchange': 'NSE', 'ordertype': 'LIMIT', 'producttype': 'INTRADAY', 'duration': 'DAY', 'price': '100', 'quantity': '1', 'squareoff': '0', 'stoploss': '0'}, Response: {'status': False, 'message': 'Your demat account is dormant', 'errorcode': 'AB1007', 'data': {'script': 'SBIN-EQ', 'orderid': None, 'uniqueorderid': '7f76bacc-3ed7-4c9d-b7ed-54a6ff84bd95'}}
[E 260128 15:52:23 smartConnect:339] API request failed: {'status': False, 'message': 'Your demat account is dormant', 'errorcode': 'AB1007', 'data': {'script': 'SBIN-EQ', 'orderid': None, 'uniqueorderid': '7f76bacc-3ed7-4c9d-b7ed-54a6ff84bd95'}}
[I 260128 15:52:23 consumers:264] Raw broker response: None
[E 260128 15:52:23 consumers:297] Place order exception: 'NoneType' object has no attribute 'get'
[I 260128 15:58:23 consumers:108] SmartAPI WebSocket Opened - Ready for subscriptions
[E 260128 15:58:38 smartConnect:246] Error occurred while making a POST request to https://apiconnect.angelone.in/rest/secure/angelbroking/order/v1/placeOrder. Error: Your demat account is dormant. URL: https://apiconnect.angelone.in/rest/secure/angelbroking/order/v1/placeOrder, Headers: {'Content-type': 'application/json', 'X-ClientLocalIP': '127.0.0.1', 'X-ClientPublicIP': '106.193.147.98', 'X-MACAddress': '30:9c:23:7c:86:e1', 'Accept': 'application/json', 'X-PrivateKey': 'iARx2hbi', 'X-UserType': 'USER', 'X-SourceID': 'WEB'}, Request: {'variety': 'NORMAL', 'tradingsymbol': 'SBIN-EQ', 'symboltoken': '3045', 'transactiontype': 'BUY', 'exchange': 'NSE', 'ordertype': 'LIMIT', 'producttype': 'INTRADAY', 'duration': 'DAY', 'price': '100', 'quantity': '1', 'squareoff': '0', 'stoploss': '0'}, Response: {'status': False, 'message': 'Your demat account is dormant', 'errorcode': 'AB1007', 'data': {'script': 'SBIN-EQ', 'orderid': None, 'uniqueorderid': 'e3282d47-6db6-434b-9207-2b5b3dd10645'}}
[E 260128 15:58:38 smartConnect:339] API request failed: {'status': False, 'message': 'Your demat account is dormant', 'errorcode': 'AB1007', 'data': {'script': 'SBIN-EQ', 'orderid': None, 'uniqueorderid': 'e3282d47-6db6-434b-9207-2b5b3dd10645'}}
[I 260128 15:58:38 consumers:264] Raw broker response from placeOrder: None
[E 260128 15:58:38 consumers:272] placeOrder returned None - possible session invalid, network issue, or broker restriction
[I 260128 16:02:12 consumers:108] SmartAPI WebSocket Opened - Ready for subscriptions
[E 260128 16:02:21 smartConnect:246] Error occurred while making a POST request to https://apiconnect.angelone.in/rest/secure/angelbroking/order/v1/placeOrder. Error: Your demat account is dormant. URL: https://apiconnect.angelone.in/rest/secure/angelbroking/order/v1/placeOrder, Headers: {'Content-type': 'application/json', 'X-ClientLocalIP': '127.0.0.1', 'X-ClientPublicIP': '106.193.147.98', 'X-MACAddress': '30:9c:23:7c:86:e1', 'Accept': 'application/json', 'X-PrivateKey': 'iARx2hbi', 'X-UserType': 'USER', 'X-SourceID': 'WEB'}, Request: {'variety': 'NORMAL', 'tradingsymbol': 'SBIN-EQ', 'symboltoken': '3045', 'transactiontype': 'BUY', 'exchange': 'NSE', 'ordertype': 'LIMIT', 'producttype': 'INTRADAY', 'duration': 'DAY', 'price': '100', 'quantity': '1', 'squareoff': '0', 'stoploss': '0'}, Response: {'status': False, 'message': 'Your demat account is dormant', 'errorcode': 'AB1007', 'data': {'script': 'SBIN-EQ', 'orderid': None, 'uniqueorderid': 'e9b33fcb-cd73-4890-b04c-ecc322d6a6b4'}}
[E 260128 16:02:21 smartConnect:339] API request failed: {'status': False, 'message': 'Your demat account is dormant', 'errorcode': 'AB1007', 'data': {'script': 'SBIN-EQ', 'orderid': None, 'uniqueorderid': 'e9b33fcb-cd73-4890-b04c-ecc322d6a6b4'}}
[I 260128 16:02:21 consumers:267] Raw broker response from placeOrder: None
[E 260128 16:02:21 consumers:275] placeOrder returned None - possible session invalid, network issue, or broker restriction
[W 260128 16:07:36 smartWebSocketV2:318] Attempting to resubscribe/reconnect (Attempt 1)...
[I 260128 16:07:36 smartConnect:124] in pool
[I 260128 16:07:45 consumers:108] SmartAPI WebSocket Opened - Ready for subscriptions
[I 260128 16:07:46 consumers:108] SmartAPI WebSocket Opened - Ready for subscriptions
[W 260128 16:13:00 smartWebSocketV2:318] Attempting to resubscribe/reconnect (Attempt 1)...
[E 260128 16:13:00 consumers:130] WebSocket Error: Connection closed
[W 260128 16:13:00 smartWebSocketV2:342] Connection closed due to max retry attempts reached.
[E 260128 16:13:00 consumers:130] WebSocket Error: Connection closed
[W 260128 16:13:00 smartWebSocketV2:342] Connection closed due to max retry attempts reached.
[I 260128 16:13:10 consumers:108] SmartAPI WebSocket Opened - Ready for subscriptions
[E 260128 16:17:24 consumers:130] WebSocket Error: Connection closed
[W 260128 16:17:24 smartWebSocketV2:342] Connection closed due to max retry attempts reached.
[E 260128 16:17:24 consumers:130] WebSocket Error: Connection closed
[W 260128 16:17:24 smartWebSocketV2:342] Connection closed due to max retry attempts reached.
[E 260128 16:17:24 consumers:130] WebSocket Error: Connection closed
[W 260128 16:17:24 smartWebSocketV2:342] Connection closed due to max retry attempts reached.
[I 260128 16:20:19 consumers:108] SmartAPI WebSocket Opened - Ready for subscriptions
[E 260128 16:21:12 smartConnect:246] Error occurred while making a POST request to https://apiconnect.angelone.in/rest/secure/angelbroking/order/v1/placeOrder. Error: Your demat account is dormant. URL: https://apiconnect.angelone.in/rest/secure/angelbroking/order/v1/placeOrder, Headers: {'Content-type': 'application/json', 'X-ClientLocalIP': '127.0.0.1', 'X-ClientPublicIP': '106.193.147.98', 'X-MACAddress': '30:9c:23:7c:86:e1', 'Accept': 'application/json', 'X-PrivateKey': 'iARx2hbi', 'X-UserType': 'USER', 'X-SourceID': 'WEB'}, Request: {'variety': 'NORMAL', 'tradingsymbol': 'SBIN-EQ', 'symboltoken': '3045', 'transactiontype': 'BUY', 'exchange': 'NSE', 'ordertype': 'LIMIT', 'producttype': 'INTRADAY', 'duration': 'DAY', 'price': '100', 'quantity': '1', 'squareoff': '0', 'stoploss': '0'}, Response: {'status': False, 'message': 'Your demat account is dormant', 'errorcode': 'AB1007', 'data': {'script': 'SBIN-EQ', 'orderid': None, 'uniqueorderid': 'e906f25b-0d32-41ab-9065-3db59ee23bf2'}}
[E 260128 16:21:12 smartConnect:339] API request failed: {'status': False, 'message': 'Your demat account is dormant', 'errorcode': 'AB1007', 'data': {'script': 'SBIN-EQ', 'orderid': None, 'uniqueorderid': 'e906f25b-0d32-41ab-9065-3db59ee23bf2'}}
[I 260128 16:21:12 consumers:267] Raw broker response from placeOrder: None
[E 260128 16:21:12 consumers:275] placeOrder returned None - possible session invalid, network issue, or broker restriction
[I 260128 16:21:23 consumers:401] Re-login TOTP: 478964
[I 260128 16:21:24 consumers:411] Re-login SUCCESS
[E 260128 16:23:41 smartConnect:246] Error occurred while making a POST request to https://apiconnect.angelone.in/rest/secure/angelbroking/order/v1/placeOrder. Error: Your demat account is dormant. URL: https://apiconnect.angelone.in/rest/secure/angelbroking/order/v1/placeOrder, Headers: {'Content-type': 'application/json', 'X-ClientLocalIP': '127.0.0.1', 'X-ClientPublicIP': '106.193.147.98', 'X-MACAddress': '30:9c:23:7c:86:e1', 'Accept': 'application/json', 'X-PrivateKey': 'iARx2hbi', 'X-UserType': 'USER', 'X-SourceID': 'WEB'}, Request: {'variety': 'NORMAL', 'tradingsymbol': 'SBIN-EQ', 'symboltoken': '3045', 'transactiontype': 'BUY', 'exchange': 'NSE', 'ordertype': 'LIMIT', 'producttype': 'INTRADAY', 'duration': 'DAY', 'price': '100', 'quantity': '1', 'squareoff': '0', 'stoploss': '0'}, Response: {'status': False, 'message': 'Your demat account is dormant', 'errorcode': 'AB1007', 'data': {'script': 'SBIN-EQ', 'orderid': None, 'uniqueorderid': 'ba82bb5a-9b07-46b9-9f4d-c6f8231ab7bc'}}
[E 260128 16:23:41 smartConnect:339] API request failed: {'status': False, 'message': 'Your demat account is dormant', 'errorcode': 'AB1007', 'data': {'script': 'SBIN-EQ', 'orderid': None, 'uniqueorderid': 'ba82bb5a-9b07-46b9-9f4d-c6f8231ab7bc'}}
[I 260128 16:23:41 consumers:267] Raw broker response from placeOrder: None
[E 260128 16:23:41 consumers:275] placeOrder returned None - possible session invalid, network issue, or broker restriction
[I 260128 16:23:55 consumers:401] Re-login TOTP: 211685
[I 260128 16:23:56 consumers:411] Re-login SUCCESS
[E 260128 16:24:01 smartConnect:246] Error occurred while making a POST request to https://apiconnect.angelone.in/rest/secure/angelbroking/order/v1/placeOrder. Error: Your demat account is dormant. URL: https://apiconnect.angelone.in/rest/secure/angelbroking/order/v1/placeOrder, Headers: {'Content-type': 'application/json', 'X-ClientLocalIP': '127.0.0.1', 'X-ClientPublicIP': '106.193.147.98', 'X-MACAddress': '30:9c:23:7c:86:e1', 'Accept': 'application/json', 'X-PrivateKey': 'iARx2hbi', 'X-UserType': 'USER', 'X-SourceID': 'WEB'}, Request: {'variety': 'NORMAL', 'tradingsymbol': 'SBIN-EQ', 'symboltoken': '3045', 'transactiontype': 'BUY', 'exchange': 'NSE', 'ordertype': 'LIMIT', 'producttype': 'INTRADAY', 'duration': 'DAY', 'price': '100', 'quantity': '1', 'squareoff': '0', 'stoploss': '0'}, Response: {'status': False, 'message': 'Your demat account is dormant', 'errorcode': 'AB1007', 'data': {'script': 'SBIN-EQ', 'orderid': None, 'uniqueorderid': '9d2224e0-7bfe-42d7-9b13-238154cc5a78'}}
[E 260128 16:24:01 smartConnect:339] API request failed: {'status': False, 'message': 'Your demat account is dormant', 'errorcode': 'AB1007', 'data': {'script': 'SBIN-EQ', 'orderid': None, 'uniqueorderid': '9d2224e0-7bfe-42d7-9b13-238154cc5a78'}}
[I 260128 16:24:01 consumers:267] Raw broker response from placeOrder: None
[E 260128 16:24:01 consumers:275] placeOrder returned None - possible session invalid, network issue, or broker restriction
[E 260128 16:37:14 smartConnect:246] Error occurred while making a POST request to https://apiconnect.angelone.in/rest/secure/angelbroking/order/v1/placeOrder. Error: Your demat account is dormant. URL: https://apiconnect.angelone.in/rest/secure/angelbroking/order/v1/placeOrder, Headers: {'Content-type': 'application/json', 'X-ClientLocalIP': '127.0.0.1', 'X-ClientPublicIP': '106.193.147.98', 'X-MACAddress': '30:9c:23:7c:86:e1', 'Accept': 'application/json', 'X-PrivateKey': 'iARx2hbi', 'X-UserType': 'USER', 'X-SourceID': 'WEB'}, Request: {'variety': 'NORMAL', 'tradingsymbol': 'SBIN-EQ', 'symboltoken': '3045', 'transactiontype': 'BUY', 'exchange': 'NSE', 'ordertype': 'LIMIT', 'producttype': 'INTRADAY', 'duration': 'DAY', 'price': '100', 'quantity': '1', 'squareoff': '0', 'stoploss': '0'}, Response: {'status': False, 'message': 'Your demat account is dormant', 'errorcode': 'AB1007', 'data': {'script': 'SBIN-EQ', 'orderid': None, 'uniqueorderid': '1d02f321-f205-4ce8-af07-658c0b0d3a9b'}}
[E 260128 16:37:14 smartConnect:339] API request failed: {'status': False, 'message': 'Your demat account is dormant', 'errorcode': 'AB1007', 'data': {'script': 'SBIN-EQ', 'orderid': None, 'uniqueorderid': '1d02f321-f205-4ce8-af07-658c0b0d3a9b'}}
[I 260128 16:37:14 consumers:267] Raw broker response from placeOrder: None
[E 260128 16:37:14 consumers:275] placeOrder returned None - possible session invalid, network issue, or broker restriction
[W 260128 16:45:42 smartWebSocketV2:318] Attempting to resubscribe/reconnect (Attempt 1)...
[I 260128 16:45:42 smartConnect:124] in pool
[I 260128 16:45:49 consumers:108] SmartAPI WebSocket Opened - Ready for subscriptions
[I 260128 16:45:52 consumers:108] SmartAPI WebSocket Opened - Ready for subscriptions
[I 260128 17:36:57 consumers:108] SmartAPI WebSocket Opened - Ready for subscriptions
[I 260128 17:40:51 consumers:108] SmartAPI WebSocket Opened - Ready for subscriptions
[I 260128 17:43:01 consumers:108] SmartAPI WebSocket Opened - Ready for subscriptions
[I 260128 17:43:09 consumers:89] Instrument list fetched - 226747 entries
[I 260128 17:43:09 consumers:108] SmartAPI WebSocket Opened - Ready for subscriptions
[I 260128 17:46:43 consumers:108] SmartAPI WebSocket Opened - Ready for subscriptions
[I 260128 17:50:12 consumers:108] SmartAPI WebSocket Opened - Ready for subscriptions
[I 260128 17:52:50 consumers:108] SmartAPI WebSocket Opened - Ready for subscriptions
[E 260128 17:52:57 consumers:505] Indicator error: SmartConnect.getCandleData() takes 2 positional arguments but 6 were given
[E 260128 17:54:21 consumers:505] Indicator error: SmartConnect.getCandleData() takes 2 positional arguments but 6 were given
[I 260128 17:57:15 consumers:108] SmartAPI WebSocket Opened - Ready for subscriptions
[E 260128 17:57:21 consumers:514] Indicator error: SmartConnect.getCandleData() takes 2 positional arguments but 6 were given
[I 260128 17:59:03 consumers:108] SmartAPI WebSocket Opened - Ready for subscriptions
[E 260128 17:59:09 consumers:448] Historical error: SmartConnect.getCandleData() takes 2 positional arguments but 6 were given
[E 260128 18:00:12 consumers:448] Historical error: SmartConnect.getCandleData() takes 2 positional arguments but 6 were given
[E 260128 18:00:50 consumers:514] Indicator error: SmartConnect.getCandleData() takes 2 positional arguments but 6 were given
[I 260128 18:08:29 consumers:108] SmartAPI WebSocket Opened - Ready for subscriptions
[E 260128 18:08:34 consumers:513] Indicator error: SUCCESS
[I 260128 18:11:03 consumers:108] SmartAPI WebSocket Opened - Ready for subscriptions
[E 260128 18:12:04 consumers:460] Historical fetch failed: SUCCESS
[E 260128 18:12:20 consumers:460] Historical fetch failed: SUCCESS
[I 260128 18:15:08 consumers:108] SmartAPI WebSocket Opened - Ready for subscriptions
[I 260128 18:19:03 consumers:108] SmartAPI WebSocket Opened - Ready for subscriptions
[I 260128 18:19:10 consumers:418] Fetching historical: token=3045, exch=NSE, interval=FIFTEEN_MINUTE, from=2026-01-01 09:00, to=2026-01-28 15:30
[I 260128 18:19:10 consumers:449] Historical success - 450 candles
[E 260128 18:19:10 consumers:462] Historical error: Object of type Timestamp is not JSON serializable
[W 260128 18:20:00 smartWebSocketV2:318] Attempting to resubscribe/reconnect (Attempt 1)...
[I 260128 18:20:00 smartConnect:124] in pool
[I 260128 18:20:07 consumers:108] SmartAPI WebSocket Opened - Ready for subscriptions
[I 260128 18:20:10 consumers:418] Fetching historical: token=26009, exch=NSE, interval=FIFTEEN_MINUTE, from=2026-01-01 09:00, to=2026-01-28 15:30
[I 260128 18:20:10 consumers:108] SmartAPI WebSocket Opened - Ready for subscriptions
[W 260128 18:20:11 consumers:442] Empty candles for 26009
[I 260128 18:36:35 consumers:418] Fetching historical: token=26009, exch=NSE, interval=FIFTEEN_MINUTE, from=2026-01-20 09:00, to=2026-01-28 15:30
[W 260128 18:36:36 consumers:442] Empty candles for 26009
[I 260128 18:38:19 consumers:418] Fetching historical: token=17999, exch=NFO, interval=FIFTEEN_MINUTE, from=2026-01-20 09:00, to=2026-01-28 15:30
[W 260128 18:38:20 consumers:442] Empty candles for 17999
[I 260128 18:39:02 consumers:418] Fetching historical: token=26009, exch=NSE, interval=ONE_DAY, from=2025-01-01 09:00, to=2026-01-28 15:30
[W 260128 18:39:03 consumers:442] Empty candles for 26009
[I 260128 18:39:21 consumers:418] Fetching historical: token=17999, exch=NFO, interval=FIFTEEN_MINUTE, from=2026-01-20 09:00, to=2026-01-28 15:30
[W 260128 18:39:21 consumers:442] Empty candles for 17999
[I 260128 18:48:25 consumers:108] SmartAPI WebSocket Opened - Ready for subscriptions
[I 260128 18:53:36 consumers:108] SmartAPI WebSocket Opened - Ready for subscriptions
[E 260128 18:53:49 consumers:466] Historical fetch exception: SmartConnect.getCandleData() got an unexpected keyword argument 'symboltoken'
[I 260128 18:58:33 consumers:108] SmartAPI WebSocket Opened - Ready for subscriptions
[I 260128 18:58:51 consumers:446] Fetching historical candles with params: {'exchange': 'NSE', 'symboltoken': '26009', 'interval': 'FIFTEEN_MINUTE', 'fromdate': '2026-01-01 09:00', 'todate': '2026-01-28 15:30'}
[I 260128 18:58:52 consumers:453] Historical data fetched - 0 candles
[W 260128 19:00:46 smartWebSocketV2:318] Attempting to resubscribe/reconnect (Attempt 1)...
[I 260128 19:00:46 smartConnect:124] in pool
[I 260128 19:00:55 consumers:108] SmartAPI WebSocket Opened - Ready for subscriptions
[I 260128 19:00:56 consumers:108] SmartAPI WebSocket Opened - Ready for subscriptions
[I 260128 19:01:07 consumers:446] Fetching historical candles with params: {'exchange': 'NSE', 'symboltoken': '26009', 'interval': 'FIFTEEN_MINUTE', 'fromdate': '2026-01-01 09:00', 'todate': '2026-01-28 15:30'}
[I 260128 19:01:08 consumers:453] Historical data fetched - 0 candles
