[I 260129 09:40:42 consumers:108] SmartAPI WebSocket Opened - Ready for subscriptions
[I 260129 09:41:15 consumers:446] Fetching historical candles with params: {'exchange': 'NSE', 'symboltoken': '26009', 'interval': 'FIFTEEN_MINUTE', 'fromdate': '2026-01-01 09:00', 'todate': '2026-01-28 15:30'}
[I 260129 09:41:15 consumers:453] Historical data fetched - 0 candles
[W 260129 09:46:32 smartWebSocketV2:318] Attempting to resubscribe/reconnect (Attempt 1)...
[I 260129 09:46:32 smartConnect:124] in pool
[I 260129 09:46:38 consumers:108] SmartAPI WebSocket Opened - Ready for subscriptions
[I 260129 09:46:42 consumers:108] SmartAPI WebSocket Opened - Ready for subscriptions
[I 260129 09:46:46 consumers:446] Fetching historical candles with params: {'exchange': 'NSE', 'symboltoken': '26009', 'interval': 'FIFTEEN_MINUTE', 'fromdate': '2025-12-01 09:00', 'todate': '2026-01-15 15:30'}
[E 260129 09:46:46 smartConnect:246] Error occurred while making a POST request to https://apiconnect.angelone.in/rest/secure/angelbroking/historical/v1/getCandleData. Error: Something Went Wrong, Please Try After Sometime. URL: https://apiconnect.angelone.in/rest/secure/angelbroking/historical/v1/getCandleData, Headers: {'Content-type': 'application/json', 'X-ClientLocalIP': '127.0.0.1', 'X-ClientPublicIP': '106.193.147.98', 'X-MACAddress': '30:9c:23:7c:86:e1', 'Accept': 'application/json', 'X-PrivateKey': 'iARx2hbi', 'X-UserType': 'USER', 'X-SourceID': 'WEB'}, Request: {'exchange': 'NSE', 'symboltoken': '26009', 'interval': 'FIFTEEN_MINUTE', 'fromdate': '2025-12-01 09:00', 'todate': '2026-01-15 15:30'}, Response: {'message': 'Something Went Wrong, Please Try After Sometime', 'errorcode': 'AB1004', 'status': False, 'data': None}
[E 260129 09:46:46 consumers:474] Historical fetch exception: object of type 'NoneType' has no len()
[I 260129 09:49:46 consumers:108] SmartAPI WebSocket Opened - Ready for subscriptions
[I 260129 09:49:51 consumers:446] Fetching historical candles with params: {'exchange': 'NSE', 'symboltoken': '26009', 'interval': 'FIFTEEN_MINUTE', 'fromdate': '2026-01-20 09:00', 'todate': '2026-01-28 15:30'}
[E 260129 09:49:52 smartConnect:246] Error occurred while making a POST request to https://apiconnect.angelone.in/rest/secure/angelbroking/historical/v1/getCandleData. Error: Something Went Wrong, Please Try After Sometime. URL: https://apiconnect.angelone.in/rest/secure/angelbroking/historical/v1/getCandleData, Headers: {'Content-type': 'application/json', 'X-ClientLocalIP': '127.0.0.1', 'X-ClientPublicIP': '106.193.147.98', 'X-MACAddress': '30:9c:23:7c:86:e1', 'Accept': 'application/json', 'X-PrivateKey': 'iARx2hbi', 'X-UserType': 'USER', 'X-SourceID': 'WEB'}, Request: {'exchange': 'NSE', 'symboltoken': '26009', 'interval': 'FIFTEEN_MINUTE', 'fromdate': '2026-01-20 09:00', 'todate': '2026-01-28 15:30'}, Response: {'message': 'Something Went Wrong, Please Try After Sometime', 'errorcode': 'AB1004', 'status': False, 'data': None}
[E 260129 09:49:52 consumers:474] Historical fetch exception: object of type 'NoneType' has no len()
[I 260129 09:50:50 consumers:108] SmartAPI WebSocket Opened - Ready for subscriptions
[W 260129 09:51:51 smartWebSocketV2:318] Attempting to resubscribe/reconnect (Attempt 1)...
[I 260129 09:51:51 smartConnect:124] in pool
[I 260129 09:52:13 consumers:108] SmartAPI WebSocket Opened - Ready for subscriptions
[I 260129 09:52:18 consumers:446] Fetching historical candles with params: {'exchange': 'NSE', 'symboltoken': '26009', 'interval': 'FIFTEEN_MINUTE', 'fromdate': '2025-12-01 09:00', 'todate': '2026-01-15 15:30'}
[I 260129 09:52:19 consumers:453] Historical data fetched - 0 candles
[I 260129 09:58:24 consumers:446] Fetching historical candles with params: {'exchange': 'NSE', 'symboltoken': '26009', 'interval': 'FIFTEEN_MINUTE', 'fromdate': '2025-12-01 09:00', 'todate': '2026-01-15 15:30'}
[I 260129 09:58:24 consumers:453] Historical data fetched - 0 candles
[W 260129 09:59:43 smartWebSocketV2:318] Attempting to resubscribe/reconnect (Attempt 1)...
[I 260129 09:59:43 smartConnect:124] in pool
[I 260129 09:59:58 consumers:108] SmartAPI WebSocket Opened - Ready for subscriptions
[I 260129 10:00:05 consumers:446] Fetching historical candles with params: {'exchange': 'NSE', 'symboltoken': '26009', 'interval': 'FIFTEEN_MINUTE', 'fromdate': '2026-01-27 09:00', 'todate': '2026-01-28 15:30'}
[I 260129 10:00:06 consumers:453] Historical data fetched - 0 candles
[I 260129 10:03:13 consumers:108] SmartAPI WebSocket Opened - Ready for subscriptions
[I 260129 10:03:34 consumers:446] Fetching historical candles with params: {'exchange': 'NSE', 'symboltoken': '3045', 'interval': 'FIFTEEN_MINUTE', 'fromdate': '2026-01-20 09:00', 'todate': '2026-01-28 15:30'}
[I 260129 10:03:34 consumers:453] Historical data fetched - 150 candles
[I 260129 10:07:43 consumers:108] SmartAPI WebSocket Opened - Ready for subscriptions
[I 260129 10:07:48 consumers:446] Fetching historical candles with params: {'exchange': 'NSE', 'symboltoken': '26009', 'interval': 'ONE_DAY', 'fromdate': '2025-01-01 09:00', 'todate': '2026-01-28 15:30'}
[I 260129 10:07:48 consumers:453] Historical data fetched - 0 candles
[W 260129 10:08:20 smartWebSocketV2:318] Attempting to resubscribe/reconnect (Attempt 1)...
[I 260129 10:08:20 smartConnect:124] in pool
[I 260129 10:08:30 consumers:108] SmartAPI WebSocket Opened - Ready for subscriptions
[I 260129 10:08:31 consumers:108] SmartAPI WebSocket Opened - Ready for subscriptions
[I 260129 10:08:36 consumers:446] Fetching historical candles with params: {'exchange': 'NSE', 'symboltoken': '3045', 'interval': 'FIFTEEN_MINUTE', 'fromdate': '2026-01-20 09:00', 'todate': '2026-01-28 15:30'}
[I 260129 10:08:37 consumers:453] Historical data fetched - 150 candles
[W 260129 10:15:49 smartWebSocketV2:318] Attempting to resubscribe/reconnect (Attempt 1)...
[I 260129 10:15:49 smartConnect:124] in pool
[I 260129 10:15:55 consumers:108] SmartAPI WebSocket Opened - Ready for subscriptions
[I 260129 10:15:59 consumers:108] SmartAPI WebSocket Opened - Ready for subscriptions
[I 260129 10:52:36 consumers:109] SmartAPI WebSocket Opened - Ready for subscriptions
[I 260129 10:53:25 consumers:447] Fetching historical candles with params: {'exchange': 'NSE', 'symboltoken': '3045', 'interval': 'FIFTEEN_MINUTE', 'fromdate': '2026-01-20 09:00', 'todate': '2026-01-28 15:30'}
[I 260129 10:53:26 consumers:454] Historical data fetched - 150 candles
[I 260129 11:22:01 consumers:114] SmartAPI WebSocket Opened - Ready for subscriptions
[I 260129 11:22:15 consumers:452] Fetching historical candles with params: {'exchange': 'NSE', 'symboltoken': '3045', 'interval': 'FIFTEEN_MINUTE', 'fromdate': '2026-01-20 09:00', 'todate': '2026-01-28 15:30'}
[I 260129 11:22:16 consumers:459] Historical data fetched - 150 candles
[I 260129 11:39:21 consumers:109] SmartAPI WebSocket Opened - Ready for subscriptions
[I 260129 11:39:34 consumers:447] Fetching historical candles with params: {'exchange': 'NSE', 'symboltoken': '3045', 'interval': 'FIFTEEN_MINUTE', 'fromdate': '2026-01-20 09:00', 'todate': '2026-01-28 15:30'}
[I 260129 11:39:34 consumers:454] Historical data fetched - 150 candles
[E 260129 11:39:34 consumers:522] Historical fetch exception: 'MarketConsumer' object has no attribute 'positions'
[I 260129 11:43:25 consumers:113] SmartAPI WebSocket Opened - Ready for subscriptions
[I 260129 11:43:30 consumers:94] Instrument list fetched - 231982 entries
[I 260129 11:43:31 consumers:113] SmartAPI WebSocket Opened - Ready for subscriptions
[I 260129 11:43:35 consumers:451] Fetching historical candles with params: {'exchange': 'NSE', 'symboltoken': '3045', 'interval': 'FIFTEEN_MINUTE', 'fromdate': '2026-01-20 09:00', 'todate': '2026-01-28 15:30'}
[I 260129 11:43:36 consumers:458] Historical data fetched - 150 candles
[I 260129 11:43:36 consumers:680] Signal generated: BUY - +DI 25.24 > 20 (strong uptrend)
[W 260129 11:48:36 smartWebSocketV2:318] Attempting to resubscribe/reconnect (Attempt 1)...
[I 260129 11:48:36 smartConnect:124] in pool
[I 260129 11:48:42 consumers:113] SmartAPI WebSocket Opened - Ready for subscriptions
[W 260129 11:48:45 smartWebSocketV2:318] Attempting to resubscribe/reconnect (Attempt 1)...
[I 260129 11:48:45 smartConnect:124] in pool
[I 260129 11:48:51 consumers:113] SmartAPI WebSocket Opened - Ready for subscriptions
[E 260129 11:48:55 consumers:135] WebSocket Error: Connection closed
[W 260129 11:48:55 smartWebSocketV2:342] Connection closed due to max retry attempts reached.
[E 260129 11:48:55 consumers:135] WebSocket Error: Connection closed
[W 260129 11:48:55 smartWebSocketV2:342] Connection closed due to max retry attempts reached.
[I 260129 11:55:11 consumers:113] SmartAPI WebSocket Opened - Ready for subscriptions
[I 260129 11:56:36 consumers:113] SmartAPI WebSocket Opened - Ready for subscriptions
[I 260129 11:56:56 consumers:451] Fetching historical candles with params: {'exchange': 'NSE', 'symboltoken': '3045', 'interval': 'FIFTEEN_MINUTE', 'fromdate': '2026-01-20 09:00', 'todate': '2026-01-28 15:30'}
[E 260129 11:56:57 consumers:526] Historical fetch exception: Couldn't parse the JSON response received from the server: b'Access denied because of exceeding access rate'
[W 260129 11:57:13 smartWebSocketV2:318] Attempting to resubscribe/reconnect (Attempt 1)...
[I 260129 11:57:13 smartConnect:124] in pool
[I 260129 11:57:19 consumers:113] SmartAPI WebSocket Opened - Ready for subscriptions
[I 260129 11:57:24 consumers:113] SmartAPI WebSocket Opened - Ready for subscriptions
[I 260129 11:57:24 consumers:451] Fetching historical candles with params: {'exchange': 'NSE', 'symboltoken': '3045', 'interval': 'FIFTEEN_MINUTE', 'fromdate': '2026-01-20 09:00', 'todate': '2026-01-28 15:30'}
[E 260129 11:57:24 consumers:526] Historical fetch exception: Couldn't parse the JSON response received from the server: b'Access denied because of exceeding access rate'
[W 260129 11:57:31 smartWebSocketV2:318] Attempting to resubscribe/reconnect (Attempt 1)...
[I 260129 11:57:31 smartConnect:124] in pool
[E 260129 11:57:33 consumers:163] Critical error in start_smartapi: Couldn't parse the JSON response received from the server: b'Access denied because of exceeding access rate'
[I 260129 11:57:40 consumers:83] Login SUCCESS - Auth Token: Bearer eyJhbGciOiJIU... | Feed Token: eyJhbGciOiJIUzUxMiJ9...
[I 260129 11:57:40 consumers:113] SmartAPI WebSocket Opened - Ready for subscriptions
[I 260129 11:57:41 consumers:113] SmartAPI WebSocket Opened - Ready for subscriptions
[I 260129 11:57:43 consumers:94] Instrument list fetched - 231982 entries
[W 260129 11:57:43 smartWebSocketV2:318] Attempting to resubscribe/reconnect (Attempt 1)...
[I 260129 11:57:45 consumers:94] Instrument list fetched - 231982 entries
[W 260129 11:57:46 smartWebSocketV2:318] Attempting to resubscribe/reconnect (Attempt 1)...
[E 260129 11:57:53 consumers:135] WebSocket Error: Connection closed
[W 260129 11:57:53 smartWebSocketV2:342] Connection closed due to max retry attempts reached.
[E 260129 11:57:53 consumers:135] WebSocket Error: Connection closed
[W 260129 11:57:53 smartWebSocketV2:342] Connection closed due to max retry attempts reached.
[E 260129 11:57:53 consumers:135] WebSocket Error: Connection closed
[W 260129 11:57:53 smartWebSocketV2:342] Connection closed due to max retry attempts reached.
[E 260129 11:57:56 consumers:135] WebSocket Error: Connection closed
[W 260129 11:57:56 smartWebSocketV2:342] Connection closed due to max retry attempts reached.
[E 260129 11:57:56 consumers:135] WebSocket Error: Connection closed
[W 260129 11:57:56 smartWebSocketV2:342] Connection closed due to max retry attempts reached.
[E 260129 11:57:56 consumers:135] WebSocket Error: Connection closed
[W 260129 11:57:56 smartWebSocketV2:342] Connection closed due to max retry attempts reached.
[I 260129 11:58:41 consumers:113] SmartAPI WebSocket Opened - Ready for subscriptions
[I 260129 11:59:12 consumers:451] Fetching historical candles with params: {'exchange': 'NSE', 'symboltoken': '3045', 'interval': 'FIFTEEN_MINUTE', 'fromdate': '2026-01-20 09:00', 'todate': '2026-01-28 15:30'}
[I 260129 11:59:12 consumers:458] Historical data fetched - 150 candles
[I 260129 11:59:12 consumers:681] Signal generated: BUY - +DI 25.24 > 20 (strong uptrend)
[I 260129 14:53:36 consumers:113] SmartAPI WebSocket Opened - Ready for subscriptions
[W 260129 14:53:41 smartWebSocketV2:318] Attempting to resubscribe/reconnect (Attempt 1)...
[I 260129 14:53:41 smartConnect:124] in pool
[I 260129 14:53:51 consumers:113] SmartAPI WebSocket Opened - Ready for subscriptions
[E 260129 14:53:51 consumers:135] WebSocket Error: Connection closed
[W 260129 14:53:51 smartWebSocketV2:342] Connection closed due to max retry attempts reached.
[E 260129 14:53:51 consumers:135] WebSocket Error: Connection closed
[W 260129 14:53:51 smartWebSocketV2:342] Connection closed due to max retry attempts reached.
[W 260129 14:54:34 smartWebSocketV2:318] Attempting to resubscribe/reconnect (Attempt 1)...
[I 260129 14:54:34 smartConnect:124] in pool
[I 260129 14:54:42 consumers:113] SmartAPI WebSocket Opened - Ready for subscriptions
[I 260129 14:54:44 consumers:113] SmartAPI WebSocket Opened - Ready for subscriptions
[W 260129 14:55:01 smartWebSocketV2:318] Attempting to resubscribe/reconnect (Attempt 1)...
[I 260129 14:55:01 smartConnect:124] in pool
[I 260129 14:55:11 consumers:113] SmartAPI WebSocket Opened - Ready for subscriptions
[W 260129 14:55:11 smartWebSocketV2:318] Attempting to resubscribe/reconnect (Attempt 1)...
[I 260129 14:55:22 consumers:113] SmartAPI WebSocket Opened - Ready for subscriptions
[I 260129 14:55:29 consumers:451] Fetching historical candles with params: {'exchange': 'NSE', 'symboltoken': '3045', 'interval': 'FIFTEEN_MINUTE', 'fromdate': '2026-01-20 09:00', 'todate': '2026-01-28 15:30'}
[I 260129 14:55:29 consumers:458] Historical data fetched - 150 candles
[I 260129 14:55:30 consumers:681] Signal generated: BUY - +DI 25.24 > 20 (strong uptrend)
[I 260129 16:20:58 consumers:113] SmartAPI WebSocket Opened - Ready for subscriptions
[W 260129 16:21:00 smartWebSocketV2:318] Attempting to resubscribe/reconnect (Attempt 1)...
[I 260129 16:21:00 smartConnect:124] in pool
[E 260129 16:21:02 consumers:163] Critical error in start_smartapi: Couldn't parse the JSON response received from the server: b'Access denied because of exceeding access rate'
[I 260129 16:21:07 consumers:113] SmartAPI WebSocket Opened - Ready for subscriptions
[I 260129 16:21:10 consumers:113] SmartAPI WebSocket Opened - Ready for subscriptions
[I 260129 16:21:13 consumers:94] Instrument list fetched - 231982 entries
[I 260129 16:21:13 consumers:113] SmartAPI WebSocket Opened - Ready for subscriptions
[I 260129 16:21:16 consumers:94] Instrument list fetched - 231982 entries
[W 260129 16:21:16 smartWebSocketV2:318] Attempting to resubscribe/reconnect (Attempt 1)...
[E 260129 16:21:26 consumers:135] WebSocket Error: Connection closed
[W 260129 16:21:26 smartWebSocketV2:342] Connection closed due to max retry attempts reached.
[E 260129 16:21:26 consumers:135] WebSocket Error: Connection closed
[W 260129 16:21:26 smartWebSocketV2:342] Connection closed due to max retry attempts reached.
[E 260129 16:21:26 consumers:135] WebSocket Error: Connection closed
[W 260129 16:21:26 smartWebSocketV2:342] Connection closed due to max retry attempts reached.
[I 260129 16:23:32 smartConnect:124] in pool
[W 260129 16:23:47 smartWebSocketV2:318] Attempting to resubscribe/reconnect (Attempt 1)...
[E 260129 16:23:58 consumers:135] WebSocket Error: Connection closed
[W 260129 16:23:58 smartWebSocketV2:342] Connection closed due to max retry attempts reached.
[E 260129 16:23:58 consumers:135] WebSocket Error: Connection closed
[W 260129 16:23:58 smartWebSocketV2:342] Connection closed due to max retry attempts reached.
[E 260129 16:23:58 consumers:135] WebSocket Error: Connection closed
[W 260129 16:23:58 smartWebSocketV2:342] Connection closed due to max retry attempts reached.
[I 260129 17:29:47 smartConnect:124] in pool
[W 260129 17:29:56 smartWebSocketV2:318] Attempting to resubscribe/reconnect (Attempt 1)...
[E 260129 17:30:06 consumers:135] WebSocket Error: Connection closed
[W 260129 17:30:06 smartWebSocketV2:342] Connection closed due to max retry attempts reached.
[E 260129 17:30:06 consumers:135] WebSocket Error: Connection closed
[W 260129 17:30:06 smartWebSocketV2:342] Connection closed due to max retry attempts reached.
[E 260129 17:30:06 consumers:135] WebSocket Error: Connection closed
[W 260129 17:30:06 smartWebSocketV2:342] Connection closed due to max retry attempts reached.
[I 260129 18:07:54 smartConnect:124] in pool
[W 260129 18:08:00 smartWebSocketV2:318] Attempting to resubscribe/reconnect (Attempt 1)...
[E 260129 18:08:10 consumers:135] WebSocket Error: Connection closed
[W 260129 18:08:10 smartWebSocketV2:342] Connection closed due to max retry attempts reached.
[E 260129 18:08:10 consumers:135] WebSocket Error: Connection closed
[W 260129 18:08:10 smartWebSocketV2:342] Connection closed due to max retry attempts reached.
[E 260129 18:08:10 consumers:135] WebSocket Error: Connection closed
[W 260129 18:08:10 smartWebSocketV2:342] Connection closed due to max retry attempts reached.
